38
0 6
0 1 2 3 4 5 
162 14
1107 1108 1109 1110 1111 1112 1113 1114 1115 1116 1117 1118 1119 1120 
8081 14
42901 35500 8130 42902 25135 42903 42904 42905 40230 25569 42906 42907 42908 42909 
8540 13
44707 27996 39123 29596 44708 44709 44710 17452 17616 44711 2873 44712 44713 
8830 13
45789 45790 13498 5840 43019 26770 45791 14503 11165 14569 45792 45793 45794 
9781 13
49124 42972 45656 34600 40904 20362 2390 41280 12368 49125 49126 49127 49128 
11518 13
54652 54653 54654 54655 3409 29267 28555 37327 4116 42470 9622 49635 23256 
11786 13
55403 41586 38898 55404 6879 53505 46631 45837 12252 45560 55405 50813 26670 
14888 13
62985 34680 62986 62987 2987 24038 62988 10200 62989 15476 53011 41186 39501 
15139 13
63505 55492 17186 36767 42144 18367 54993 63507 23372 60435 63508 34650 63509 
15709 13
64679 36182 32266 61853 64680 4368 64681 58185 24617 64682 64683 54329 50947 
16352 13
65892 38425 60055 65893 85 42266 19964 22095 60660 65894 50653 65895 65896 
16630 13
66406 14033 43306 52978 66407 47280 41261 30162 54969 9069 31423 39132 66408 
17443 13
67678 2254 65012 46674 16321 22411 67679 67680 37498 2940 12011 37331 67681 
17737 13
68156 13492 58808 48066 68157 27125 1210 56858 12236 15936 45813 68158 2883 
17835 13
68305 66819 64579 60758 30014 41313 68306 61307 26338 68307 68308 68309 26016 
18430 13
69169 56778 65555 69170 69171 19387 69172 56366 1253 33362 20391 54293 64232 
20307 13
71555 17631 44035 59472 57912 55657 34508 27055 71556 63415 26437 71557 25403 
20559 13
71832 65040 69135 71833 24812 67321 33724 53319 61994 22277 13373 5640 50504 
20755 13
72065 58515 51468 43606 51593 20128 34547 63283 29312 55903 69662 64417 20365 
20827 13
72140 72141 31625 57135 38364 47840 22680 51835 35508 2521 45814 69797 43064 
21067 13
72407 41940 48689 23337 14782 11238 26551 47958 35866 66685 24345 46507 27184 
22086 13
73478 42919 63466 9196 65963 38179 12431 25555 51352 51856 19821 51217 73479 
22384 13
73755 49095 34026 69892 61808 43455 14151 70492 65871 42859 9375 53393 14462 
22759 13
74104 47717 2149 60624 1097 21863 38156 56634 36255 49662 6883 69820 17529 
23662 13
74833 42757 67881 74834 67882 71553 51526 122 23124 40144 53664 66180 5986 
23907 13
75027 54503 17619 31917 51969 59996 73895 40573 45551 75028 31984 59058 43542 
25430 13
76097 6896 34381 67865 72572 60817 880 49979 58031 71710 54597 53547 37079 
26084 13
76509 58484 59510 24895 27660 524 9310 51532 38122 27227 61321 40036 38701 
26141 13
76543 46925 72737 72851 50655 69697 5605 68304 13862 76544 51794 31544 64762 
27372 13
77250 32307 1089 63129 63116 62627 22309 65744 16719 18527 75853 4391 74584 
28646 13
77920 1921 74489 5314 9053 76921 7067 26937 9059 23817 23879 65364 60612 
29848 13
78524 33352 72153 14247 37343 53832 76698 45576 70408 72732 75998 17260 58849 
29976 12
78588 53520 37962 71162 24401 16132 61530 71258 14540 22716 17471 19823 
29982 12
78591 5914 61100 66081 44769 35487 36917 3125 8255 48029 43343 40262 
29996 11
78598 21198 47453 68417 5460 35275 53176 69537 59823 4310 43675 
29998 11
78599 28303 53079 63287 49152 17819 37596 31686 35644 30202 40344 
29999 2
65011 10913 
