11 5 16 5 0 0 11 1 1
Attack
11 5 11 5 0 0 6 1 0
LOSE

Debuff
11 5 16 5 0 0 6 1 0
LOSE

Buff
11 5 16 5 0 0 6 1 0
LOSE

Check 1

11 5 16 5 0 0 11 1 2
Attack
11 5 11 5 0 0 6 1 1
Attack
11 5 6 5 0 0 1 1 0
LOSE

Debuff
11 5 11 5 0 0 1 1 0
LOSE

Buff
11 5 11 5 0 0 1 1 0
LOSE

Debuff
11 5 16 5 0 0 6 1 1
Attack
11 5 11 5 0 0 1 1 0
LOSE

Debuff
11 5 16 5 0 0 1 1 0
LOSE

Buff
11 5 16 5 0 0 1 1 0
LOSE

Buff
11 5 16 5 0 0 6 1 1
Attack
11 5 11 5 0 0 1 1 0
LOSE

Debuff
11 5 16 5 0 0 1 1 0
LOSE

Buff
11 5 16 5 0 0 1 1 0
LOSE

Check 2

11 5 16 5 0 0 11 1 3
Attack
11 5 11 5 0 0 6 1 2
Attack
11 5 6 5 0 0 1 1 1
Attack
11 5 1 5 0 0 -4 1 0
LOSE

Debuff
11 5 6 5 0 0 -4 1 0
LOSE

Buff
11 5 6 5 0 0 -4 1 0
LOSE

Debuff
11 5 11 5 0 0 1 1 1
Attack
11 5 6 5 0 0 -4 1 0
LOSE

Debuff
11 5 11 5 0 0 -4 1 0
LOSE

Buff
11 5 11 5 0 0 -4 1 0
LOSE

Buff
11 5 11 5 0 0 1 1 1
Attack
11 5 6 5 0 0 -4 1 0
LOSE

Debuff
11 5 11 5 0 0 -4 1 0
LOSE

Buff
11 5 11 5 0 0 -4 1 0
LOSE

Debuff
11 5 16 5 0 0 6 1 2
Attack
11 5 11 5 0 0 1 1 1
Attack
11 5 6 5 0 0 -4 1 0
LOSE

Debuff
11 5 11 5 0 0 -4 1 0
LOSE

Buff
11 5 11 5 0 0 -4 1 0
LOSE

Debuff
11 5 16 5 0 0 1 1 1
Attack
11 5 11 5 0 0 -4 1 0
LOSE

Debuff
11 5 16 5 0 0 -4 1 0
LOSE

Buff
11 5 16 5 0 0 -4 1 0
LOSE

Buff
11 5 16 5 0 0 1 1 1
Attack
11 5 11 5 0 0 -4 1 0
LOSE

Debuff
11 5 16 5 0 0 -4 1 0
LOSE

Buff
11 5 16 5 0 0 -4 1 0
LOSE

Buff
11 5 16 5 0 0 6 1 2
Attack
11 5 11 5 0 0 1 1 1
Attack
11 5 6 5 0 0 -4 1 0
LOSE

Debuff
11 5 11 5 0 0 -4 1 0
LOSE

Buff
11 5 11 5 0 0 -4 1 0
LOSE

Debuff
11 5 16 5 0 0 1 1 1
Attack
11 5 11 5 0 0 -4 1 0
LOSE

Debuff
11 5 16 5 0 0 -4 1 0
LOSE

Buff
11 5 16 5 0 0 -4 1 0
LOSE

Buff
11 5 16 5 0 0 1 1 1
Attack
11 5 11 5 0 0 -4 1 0
LOSE

Debuff
11 5 16 5 0 0 -4 1 0
LOSE

Buff
11 5 16 5 0 0 -4 1 0
LOSE

Check 3

11 5 16 5 0 0 11 1 4
Attack
11 5 11 5 0 0 6 1 3
Attack
11 5 6 5 0 0 1 1 2
Cure
11 5 6 5 0 0 11 0 1
Attack
11 5 1 5 0 0 6 1 0
LOSE

Debuff
11 5 6 5 0 0 6 1 0
LOSE

Buff
11 5 6 5 0 0 6 1 0
LOSE

Debuff
11 5 11 5 0 0 1 1 2
Cure
11 5 11 5 0 0 11 0 1
Attack
11 5 6 5 0 0 6 1 0
LOSE

Debuff
11 5 11 5 0 0 6 1 0
LOSE

Buff
11 5 11 5 0 0 6 1 0
LOSE

Buff
11 5 11 5 0 0 1 1 2
Cure
11 5 11 5 0 0 11 0 1
Attack
11 5 6 5 0 0 6 1 0
LOSE

Debuff
11 5 11 5 0 0 6 1 0
LOSE

Buff
11 5 11 5 0 0 6 1 0
LOSE

Debuff
11 5 16 5 0 0 6 1 3
Attack
11 5 11 5 0 0 1 1 2
Cure
11 5 11 5 0 0 11 0 1
Attack
11 5 6 5 0 0 6 1 0
LOSE

Debuff
11 5 11 5 0 0 6 1 0
LOSE

Buff
11 5 11 5 0 0 6 1 0
LOSE

Debuff
11 5 16 5 0 0 1 1 2
Cure
11 5 16 5 0 0 11 0 1
Attack
11 5 11 5 0 0 6 1 0
LOSE

Debuff
11 5 16 5 0 0 6 1 0
LOSE

Buff
11 5 16 5 0 0 6 1 0
LOSE

Buff
11 5 16 5 0 0 1 1 2
Cure
11 5 16 5 0 0 11 0 1
Attack
11 5 11 5 0 0 6 1 0
LOSE

Debuff
11 5 16 5 0 0 6 1 0
LOSE

Buff
11 5 16 5 0 0 6 1 0
LOSE

Buff
11 5 16 5 0 0 6 1 3
Attack
11 5 11 5 0 0 1 1 2
Cure
11 5 11 5 0 0 11 0 1
Attack
11 5 6 5 0 0 6 1 0
LOSE

Debuff
11 5 11 5 0 0 6 1 0
LOSE

Buff
11 5 11 5 0 0 6 1 0
LOSE

Debuff
11 5 16 5 0 0 1 1 2
Cure
11 5 16 5 0 0 11 0 1
Attack
11 5 11 5 0 0 6 1 0
LOSE

Debuff
11 5 16 5 0 0 6 1 0
LOSE

Buff
11 5 16 5 0 0 6 1 0
LOSE

Buff
11 5 16 5 0 0 1 1 2
Cure
11 5 16 5 0 0 11 0 1
Attack
11 5 11 5 0 0 6 1 0
LOSE

Debuff
11 5 16 5 0 0 6 1 0
LOSE

Buff
11 5 16 5 0 0 6 1 0
LOSE

Check 4

11 5 16 5 0 0 11 1 5
Attack
11 5 11 5 0 0 6 1 4
Attack
11 5 6 5 0 0 1 1 3
Cure
11 5 6 5 0 0 11 0 2
Attack
11 5 1 5 0 0 6 1 1
Attack
11 5 -4 5 0 0 1 1 0
WIN

Debuff
11 5 1 5 0 0 1 1 0
LOSE

Buff
11 5 1 5 0 0 1 1 0
LOSE

Debuff
11 5 6 5 0 0 6 1 1
Attack
11 5 1 5 0 0 1 1 0
LOSE

Debuff
11 5 6 5 0 0 1 1 0
LOSE

Buff
11 5 6 5 0 0 1 1 0
LOSE

Buff
11 5 6 5 0 0 6 1 1
Attack
11 5 1 5 0 0 1 1 0
LOSE

Debuff
11 5 6 5 0 0 1 1 0
LOSE

Buff
11 5 6 5 0 0 1 1 0
LOSE

Debuff
11 5 11 5 0 0 1 1 3
Cure
11 5 11 5 0 0 11 0 2
Attack
11 5 6 5 0 0 6 1 1
Attack
11 5 1 5 0 0 1 1 0
LOSE

Debuff
11 5 6 5 0 0 1 1 0
LOSE

Buff
11 5 6 5 0 0 1 1 0
LOSE

Debuff
11 5 11 5 0 0 6 1 1
Attack
11 5 6 5 0 0 1 1 0
LOSE

Debuff
11 5 11 5 0 0 1 1 0
LOSE

Buff
11 5 11 5 0 0 1 1 0
LOSE

Buff
11 5 11 5 0 0 6 1 1
Attack
11 5 6 5 0 0 1 1 0
LOSE

Debuff
11 5 11 5 0 0 1 1 0
LOSE

Buff
11 5 11 5 0 0 1 1 0
LOSE

Buff
11 5 11 5 0 0 1 1 3
Cure
11 5 11 5 0 0 11 0 2
Attack
11 5 6 5 0 0 6 1 1
Attack
11 5 1 5 0 0 1 1 0
LOSE

Debuff
11 5 6 5 0 0 1 1 0
LOSE

Buff
11 5 6 5 0 0 1 1 0
LOSE

Debuff
11 5 11 5 0 0 6 1 1
Attack
11 5 6 5 0 0 1 1 0
LOSE

Debuff
11 5 11 5 0 0 1 1 0
LOSE

Buff
11 5 11 5 0 0 1 1 0
LOSE

Buff
11 5 11 5 0 0 6 1 1
Attack
11 5 6 5 0 0 1 1 0
LOSE

Debuff
11 5 11 5 0 0 1 1 0
LOSE

Buff
11 5 11 5 0 0 1 1 0
LOSE

Debuff
11 5 16 5 0 0 6 1 4
Attack
11 5 11 5 0 0 1 1 3
Cure
11 5 11 5 0 0 11 0 2
Attack
11 5 6 5 0 0 6 1 1
Attack
11 5 1 5 0 0 1 1 0
LOSE

Debuff
11 5 6 5 0 0 1 1 0
LOSE

Buff
11 5 6 5 0 0 1 1 0
LOSE

Debuff
11 5 11 5 0 0 6 1 1
Attack
11 5 6 5 0 0 1 1 0
LOSE

Debuff
11 5 11 5 0 0 1 1 0
LOSE

Buff
11 5 11 5 0 0 1 1 0
LOSE

Buff
11 5 11 5 0 0 6 1 1
Attack
11 5 6 5 0 0 1 1 0
LOSE

Debuff
11 5 11 5 0 0 1 1 0
LOSE

Buff
11 5 11 5 0 0 1 1 0
LOSE

Debuff
11 5 16 5 0 0 1 1 3
Cure
11 5 16 5 0 0 11 0 2
Attack
11 5 11 5 0 0 6 1 1
Attack
11 5 6 5 0 0 1 1 0
LOSE

Debuff
11 5 11 5 0 0 1 1 0
LOSE

Buff
11 5 11 5 0 0 1 1 0
LOSE

Debuff
11 5 16 5 0 0 6 1 1
Attack
11 5 11 5 0 0 1 1 0
LOSE

Debuff
11 5 16 5 0 0 1 1 0
LOSE

Buff
11 5 16 5 0 0 1 1 0
LOSE

Buff
11 5 16 5 0 0 6 1 1
Attack
11 5 11 5 0 0 1 1 0
LOSE

Debuff
11 5 16 5 0 0 1 1 0
LOSE

Buff
11 5 16 5 0 0 1 1 0
LOSE

Buff
11 5 16 5 0 0 1 1 3
Cure
11 5 16 5 0 0 11 0 2
Attack
11 5 11 5 0 0 6 1 1
Attack
11 5 6 5 0 0 1 1 0
LOSE

Debuff
11 5 11 5 0 0 1 1 0
LOSE

Buff
11 5 11 5 0 0 1 1 0
LOSE

Debuff
11 5 16 5 0 0 6 1 1
Attack
11 5 11 5 0 0 1 1 0
LOSE

Debuff
11 5 16 5 0 0 1 1 0
LOSE

Buff
11 5 16 5 0 0 1 1 0
LOSE

Buff
11 5 16 5 0 0 6 1 1
Attack
11 5 11 5 0 0 1 1 0
LOSE

Debuff
11 5 16 5 0 0 1 1 0
LOSE

Buff
11 5 16 5 0 0 1 1 0
LOSE

Buff
11 5 16 5 0 0 6 1 4
Attack
11 5 11 5 0 0 1 1 3
Cure
11 5 11 5 0 0 11 0 2
Attack
11 5 6 5 0 0 6 1 1
Attack
11 5 1 5 0 0 1 1 0
LOSE

Debuff
11 5 6 5 0 0 1 1 0
LOSE

Buff
11 5 6 5 0 0 1 1 0
LOSE

Debuff
11 5 11 5 0 0 6 1 1
Attack
11 5 6 5 0 0 1 1 0
LOSE

Debuff
11 5 11 5 0 0 1 1 0
LOSE

Buff
11 5 11 5 0 0 1 1 0
LOSE

Buff
11 5 11 5 0 0 6 1 1
Attack
11 5 6 5 0 0 1 1 0
LOSE

Debuff
11 5 11 5 0 0 1 1 0
LOSE

Buff
11 5 11 5 0 0 1 1 0
LOSE

Debuff
11 5 16 5 0 0 1 1 3
Cure
11 5 16 5 0 0 11 0 2
Attack
11 5 11 5 0 0 6 1 1
Attack
11 5 6 5 0 0 1 1 0
LOSE

Debuff
11 5 11 5 0 0 1 1 0
LOSE

Buff
11 5 11 5 0 0 1 1 0
LOSE

Debuff
11 5 16 5 0 0 6 1 1
Attack
11 5 11 5 0 0 1 1 0
LOSE

Debuff
11 5 16 5 0 0 1 1 0
LOSE

Buff
11 5 16 5 0 0 1 1 0
LOSE

Buff
11 5 16 5 0 0 6 1 1
Attack
11 5 11 5 0 0 1 1 0
LOSE

Debuff
11 5 16 5 0 0 1 1 0
LOSE

Buff
11 5 16 5 0 0 1 1 0
LOSE

Buff
11 5 16 5 0 0 1 1 3
Cure
11 5 16 5 0 0 11 0 2
Attack
11 5 11 5 0 0 6 1 1
Attack
11 5 6 5 0 0 1 1 0
LOSE

Debuff
11 5 11 5 0 0 1 1 0
LOSE

Buff
11 5 11 5 0 0 1 1 0
LOSE

Debuff
11 5 16 5 0 0 6 1 1
Attack
11 5 11 5 0 0 1 1 0
LOSE

Debuff
11 5 16 5 0 0 1 1 0
LOSE

Buff
11 5 16 5 0 0 1 1 0
LOSE

Buff
11 5 16 5 0 0 6 1 1
Attack
11 5 11 5 0 0 1 1 0
LOSE

Debuff
11 5 16 5 0 0 1 1 0
LOSE

Buff
11 5 16 5 0 0 1 1 0
LOSE

Case #1: 5
3 1 3 2 2 0 3 1 1
Attack
3 1 2 2 2 0 1 1 0
LOSE

Debuff
3 1 3 2 2 0 1 1 0
LOSE

Buff
3 3 3 2 2 0 1 1 0
LOSE

Check 1

3 1 3 2 2 0 3 1 2
Attack
3 1 2 2 2 0 1 1 1
Attack
3 1 1 2 2 0 -1 1 0
LOSE

Debuff
3 1 2 2 2 0 -1 1 0
LOSE

Buff
3 3 2 2 2 0 -1 1 0
LOSE

Debuff
3 1 3 2 2 0 1 1 1
Attack
3 1 2 2 2 0 -1 1 0
LOSE

Debuff
3 1 3 2 2 0 -1 1 0
LOSE

Buff
3 3 3 2 2 0 -1 1 0
LOSE

Buff
3 3 3 2 2 0 1 1 1
Attack
3 3 0 2 2 0 -1 1 0
WIN

Debuff
3 3 3 2 2 0 -1 1 0
LOSE

Buff
3 5 3 2 2 0 -1 1 0
LOSE

Case #2: 2
3 1 3 2 1 0 3 1 1
Attack
3 1 2 2 1 0 1 1 0
LOSE

Debuff
3 1 3 2 1 0 1 1 0
LOSE

Buff
3 2 3 2 1 0 1 1 0
LOSE

Check 1

3 1 3 2 1 0 3 1 2
Attack
3 1 2 2 1 0 1 1 1
Attack
3 1 1 2 1 0 -1 1 0
LOSE

Debuff
3 1 2 2 1 0 -1 1 0
LOSE

Buff
3 2 2 2 1 0 -1 1 0
LOSE

Debuff
3 1 3 2 1 0 1 1 1
Attack
3 1 2 2 1 0 -1 1 0
LOSE

Debuff
3 1 3 2 1 0 -1 1 0
LOSE

Buff
3 2 3 2 1 0 -1 1 0
LOSE

Buff
3 2 3 2 1 0 1 1 1
Attack
3 2 1 2 1 0 -1 1 0
LOSE

Debuff
3 2 3 2 1 0 -1 1 0
LOSE

Buff
3 3 3 2 1 0 -1 1 0
LOSE

Check 2

3 1 3 2 1 0 3 1 3
Attack
3 1 2 2 1 0 1 1 2
Cure
3 1 2 2 1 0 3 0 1
Attack
3 1 1 2 1 0 1 1 0
LOSE

Debuff
3 1 2 2 1 0 1 1 0
LOSE

Buff
3 2 2 2 1 0 1 1 0
LOSE

Debuff
3 1 3 2 1 0 1 1 2
Cure
3 1 3 2 1 0 3 0 1
Attack
3 1 2 2 1 0 1 1 0
LOSE

Debuff
3 1 3 2 1 0 1 1 0
LOSE

Buff
3 2 3 2 1 0 1 1 0
LOSE

Buff
3 2 3 2 1 0 1 1 2
Cure
3 2 3 2 1 0 3 0 1
Attack
3 2 1 2 1 0 1 1 0
LOSE

Debuff
3 2 3 2 1 0 1 1 0
LOSE

Buff
3 3 3 2 1 0 1 1 0
LOSE

Check 3

3 1 3 2 1 0 3 1 4
Attack
3 1 2 2 1 0 1 1 3
Cure
3 1 2 2 1 0 3 0 2
Attack
3 1 1 2 1 0 1 1 1
Attack
3 1 0 2 1 0 -1 1 0
WIN

Debuff
3 1 1 2 1 0 -1 1 0
LOSE

Buff
3 2 1 2 1 0 -1 1 0
LOSE

Debuff
3 1 2 2 1 0 1 1 1
Attack
3 1 1 2 1 0 -1 1 0
LOSE

Debuff
3 1 2 2 1 0 -1 1 0
LOSE

Buff
3 2 2 2 1 0 -1 1 0
LOSE

Buff
3 2 2 2 1 0 1 1 1
Attack
3 2 0 2 1 0 -1 1 0
WIN

Debuff
3 2 2 2 1 0 -1 1 0
LOSE

Buff
3 3 2 2 1 0 -1 1 0
LOSE

Debuff
3 1 3 2 1 0 1 1 3
Cure
3 1 3 2 1 0 3 0 2
Attack
3 1 2 2 1 0 1 1 1
Attack
3 1 1 2 1 0 -1 1 0
LOSE

Debuff
3 1 2 2 1 0 -1 1 0
LOSE

Buff
3 2 2 2 1 0 -1 1 0
LOSE

Debuff
3 1 3 2 1 0 1 1 1
Attack
3 1 2 2 1 0 -1 1 0
LOSE

Debuff
3 1 3 2 1 0 -1 1 0
LOSE

Buff
3 2 3 2 1 0 -1 1 0
LOSE

Buff
3 2 3 2 1 0 1 1 1
Attack
3 2 1 2 1 0 -1 1 0
LOSE

Debuff
3 2 3 2 1 0 -1 1 0
LOSE

Buff
3 3 3 2 1 0 -1 1 0
LOSE

Buff
3 2 3 2 1 0 1 1 3
Cure
3 2 3 2 1 0 3 0 2
Attack
3 2 1 2 1 0 1 1 1
Attack
3 2 -1 2 1 0 -1 1 0
WIN

Debuff
3 2 1 2 1 0 -1 1 0
LOSE

Buff
3 3 1 2 1 0 -1 1 0
LOSE

Debuff
3 2 3 2 1 0 1 1 1
Attack
3 2 1 2 1 0 -1 1 0
LOSE

Debuff
3 2 3 2 1 0 -1 1 0
LOSE

Buff
3 3 3 2 1 0 -1 1 0
LOSE

Buff
3 3 3 2 1 0 1 1 1
Attack
3 3 0 2 1 0 -1 1 0
WIN

Debuff
3 3 3 2 1 0 -1 1 0
LOSE

Buff
3 4 3 2 1 0 -1 1 0
LOSE

Case #3: 4
2 1 5 1 1 1 2 1 1
Attack
2 1 4 1 1 1 1 1 0
LOSE

Debuff
2 1 5 0 1 1 2 1 0
LOSE

Buff
2 2 5 1 1 1 1 1 0
LOSE

Check 1

2 1 5 1 1 1 2 1 2
Attack
2 1 4 1 1 1 1 1 1
Attack
2 1 3 1 1 1 0 1 0
LOSE

Debuff
2 1 4 0 1 1 1 1 0
LOSE

Buff
2 2 4 1 1 1 0 1 0
LOSE

Debuff
2 1 5 0 1 1 2 1 1
Attack
2 1 4 0 1 1 2 1 0
LOSE

Debuff
2 1 5 -1 1 1 2 1 0
LOSE

Buff
2 2 5 0 1 1 2 1 0
LOSE

Buff
2 2 5 1 1 1 1 1 1
Attack
2 2 3 1 1 1 0 1 0
LOSE

Debuff
2 2 5 0 1 1 1 1 0
LOSE

Buff
2 3 5 1 1 1 0 1 0
LOSE

Check 2

2 1 5 1 1 1 2 1 3
Attack
2 1 4 1 1 1 1 1 2
Cure
2 1 4 1 1 1 2 0 1
Attack
2 1 3 1 1 1 1 1 0
LOSE

Debuff
2 1 4 0 1 1 2 1 0
LOSE

Buff
2 2 4 1 1 1 1 1 0
LOSE

Debuff
2 1 5 0 1 1 2 1 2
Attack
2 1 4 0 1 1 2 1 1
Attack
2 1 3 0 1 1 2 1 0
LOSE

Debuff
2 1 4 -1 1 1 2 1 0
LOSE

Buff
2 2 4 0 1 1 2 1 0
LOSE

Debuff
2 1 5 -1 1 1 2 1 1
Attack
2 1 4 -1 1 1 3 1 0
LOSE

Debuff
2 1 5 -2 1 1 2 1 0
LOSE

Buff
2 2 5 -1 1 1 3 1 0
LOSE

Buff
2 2 5 0 1 1 2 1 1
Attack
2 2 3 0 1 1 2 1 0
LOSE

Debuff
2 2 5 -1 1 1 2 1 0
LOSE

Buff
2 3 5 0 1 1 2 1 0
LOSE

Buff
2 2 5 1 1 1 1 1 2
Cure
2 2 5 1 1 1 2 0 1
Attack
2 2 3 1 1 1 1 1 0
LOSE

Debuff
2 2 5 0 1 1 2 1 0
LOSE

Buff
2 3 5 1 1 1 1 1 0
LOSE

Check 3

2 1 5 1 1 1 2 1 4
Attack
2 1 4 1 1 1 1 1 3
Cure
2 1 4 1 1 1 2 0 2
Attack
2 1 3 1 1 1 1 1 1
Attack
2 1 2 1 1 1 0 1 0
LOSE

Debuff
2 1 3 0 1 1 1 1 0
LOSE

Buff
2 2 3 1 1 1 0 1 0
LOSE

Debuff
2 1 4 0 1 1 2 1 1
Attack
2 1 3 0 1 1 2 1 0
LOSE

Debuff
2 1 4 -1 1 1 2 1 0
LOSE

Buff
2 2 4 0 1 1 2 1 0
LOSE

Buff
2 2 4 1 1 1 1 1 1
Attack
2 2 2 1 1 1 0 1 0
LOSE

Debuff
2 2 4 0 1 1 1 1 0
LOSE

Buff
2 3 4 1 1 1 0 1 0
LOSE

Debuff
2 1 5 0 1 1 2 1 3
Attack
2 1 4 0 1 1 2 1 2
Attack
2 1 3 0 1 1 2 1 1
Attack
2 1 2 0 1 1 2 1 0
LOSE

Debuff
2 1 3 -1 1 1 2 1 0
LOSE

Buff
2 2 3 0 1 1 2 1 0
LOSE

Debuff
2 1 4 -1 1 1 2 1 1
Attack
2 1 3 -1 1 1 3 1 0
LOSE

Debuff
2 1 4 -2 1 1 2 1 0
LOSE

Buff
2 2 4 -1 1 1 3 1 0
LOSE

Buff
2 2 4 0 1 1 2 1 1
Attack
2 2 2 0 1 1 2 1 0
LOSE

Debuff
2 2 4 -1 1 1 2 1 0
LOSE

Buff
2 3 4 0 1 1 2 1 0
LOSE

Debuff
2 1 5 -1 1 1 2 1 2
Attack
2 1 4 -1 1 1 3 1 1
Attack
2 1 3 -1 1 1 4 1 0
LOSE

Debuff
2 1 4 -2 1 1 3 1 0
LOSE

Buff
2 2 4 -1 1 1 4 1 0
LOSE

Debuff
2 1 5 -2 1 1 2 1 1
Attack
2 1 4 -2 1 1 4 1 0
LOSE

Debuff
2 1 5 -3 1 1 2 1 0
LOSE

Buff
2 2 5 -2 1 1 4 1 0
LOSE

Buff
2 2 5 -1 1 1 3 1 1
Attack
2 2 3 -1 1 1 4 1 0
LOSE

Debuff
2 2 5 -2 1 1 3 1 0
LOSE

Buff
2 3 5 -1 1 1 4 1 0
LOSE

Buff
2 2 5 0 1 1 2 1 2
Cure
2 2 5 0 1 1 2 0 1
Attack
2 2 3 0 1 1 2 1 0
LOSE

Debuff
2 2 5 -1 1 1 2 1 0
LOSE

Buff
2 3 5 0 1 1 2 1 0
LOSE

Buff
2 2 5 1 1 1 1 1 3
Cure
2 2 5 1 1 1 2 0 2
Cure
DIE

Check 4

2 1 5 1 1 1 2 1 5
Attack
2 1 4 1 1 1 1 1 4
Cure
2 1 4 1 1 1 2 0 3
Attack
2 1 3 1 1 1 1 1 2
Cure
2 1 3 1 1 1 2 0 1
Attack
2 1 2 1 1 1 1 1 0
LOSE

Debuff
2 1 3 0 1 1 2 1 0
LOSE

Buff
2 2 3 1 1 1 1 1 0
LOSE

Debuff
2 1 4 0 1 1 2 1 2
Attack
2 1 3 0 1 1 2 1 1
Attack
2 1 2 0 1 1 2 1 0
LOSE

Debuff
2 1 3 -1 1 1 2 1 0
LOSE

Buff
2 2 3 0 1 1 2 1 0
LOSE

Debuff
2 1 4 -1 1 1 2 1 1
Attack
2 1 3 -1 1 1 3 1 0
LOSE

Debuff
2 1 4 -2 1 1 2 1 0
LOSE

Buff
2 2 4 -1 1 1 3 1 0
LOSE

Buff
2 2 4 0 1 1 2 1 1
Attack
2 2 2 0 1 1 2 1 0
LOSE

Debuff
2 2 4 -1 1 1 2 1 0
LOSE

Buff
2 3 4 0 1 1 2 1 0
LOSE

Buff
2 2 4 1 1 1 1 1 2
Cure
2 2 4 1 1 1 2 0 1
Attack
2 2 2 1 1 1 1 1 0
LOSE

Debuff
2 2 4 0 1 1 2 1 0
LOSE

Buff
2 3 4 1 1 1 1 1 0
LOSE

Debuff
2 1 5 0 1 1 2 1 4
Attack
2 1 4 0 1 1 2 1 3
Attack
2 1 3 0 1 1 2 1 2
Attack
2 1 2 0 1 1 2 1 1
Attack
2 1 1 0 1 1 2 1 0
LOSE

Debuff
2 1 2 -1 1 1 2 1 0
LOSE

Buff
2 2 2 0 1 1 2 1 0
LOSE

Debuff
2 1 3 -1 1 1 2 1 1
Attack
2 1 2 -1 1 1 3 1 0
LOSE

Debuff
2 1 3 -2 1 1 2 1 0
LOSE

Buff
2 2 3 -1 1 1 3 1 0
LOSE

Buff
2 2 3 0 1 1 2 1 1
Attack
2 2 1 0 1 1 2 1 0
LOSE

Debuff
2 2 3 -1 1 1 2 1 0
LOSE

Buff
2 3 3 0 1 1 2 1 0
LOSE

Debuff
2 1 4 -1 1 1 2 1 2
Attack
2 1 3 -1 1 1 3 1 1
Attack
2 1 2 -1 1 1 4 1 0
LOSE

Debuff
2 1 3 -2 1 1 3 1 0
LOSE

Buff
2 2 3 -1 1 1 4 1 0
LOSE

Debuff
2 1 4 -2 1 1 2 1 1
Attack
2 1 3 -2 1 1 4 1 0
LOSE

Debuff
2 1 4 -3 1 1 2 1 0
LOSE

Buff
2 2 4 -2 1 1 4 1 0
LOSE

Buff
2 2 4 -1 1 1 3 1 1
Attack
2 2 2 -1 1 1 4 1 0
LOSE

Debuff
2 2 4 -2 1 1 3 1 0
LOSE

Buff
2 3 4 -1 1 1 4 1 0
LOSE

Buff
2 2 4 0 1 1 2 1 2
Cure
2 2 4 0 1 1 2 0 1
Attack
2 2 2 0 1 1 2 1 0
LOSE

Debuff
2 2 4 -1 1 1 2 1 0
LOSE

Buff
2 3 4 0 1 1 2 1 0
LOSE

Debuff
2 1 5 -1 1 1 2 1 3
Attack
2 1 4 -1 1 1 3 1 2
Attack
2 1 3 -1 1 1 4 1 1
Attack
2 1 2 -1 1 1 5 1 0
LOSE

Debuff
2 1 3 -2 1 1 4 1 0
LOSE

Buff
2 2 3 -1 1 1 5 1 0
LOSE

Debuff
2 1 4 -2 1 1 3 1 1
Attack
2 1 3 -2 1 1 5 1 0
LOSE

Debuff
2 1 4 -3 1 1 3 1 0
LOSE

Buff
2 2 4 -2 1 1 5 1 0
LOSE

Buff
2 2 4 -1 1 1 4 1 1
Attack
2 2 2 -1 1 1 5 1 0
LOSE

Debuff
2 2 4 -2 1 1 4 1 0
LOSE

Buff
2 3 4 -1 1 1 5 1 0
LOSE

Debuff
2 1 5 -2 1 1 2 1 2
Attack
2 1 4 -2 1 1 4 1 1
Attack
2 1 3 -2 1 1 6 1 0
LOSE

Debuff
2 1 4 -3 1 1 4 1 0
LOSE

Buff
2 2 4 -2 1 1 6 1 0
LOSE

Debuff
2 1 5 -3 1 1 2 1 1
Attack
2 1 4 -3 1 1 5 1 0
LOSE

Debuff
2 1 5 -4 1 1 2 1 0
LOSE

Buff
2 2 5 -3 1 1 5 1 0
LOSE

Buff
2 2 5 -2 1 1 4 1 1
Attack
2 2 3 -2 1 1 6 1 0
LOSE

Debuff
2 2 5 -3 1 1 4 1 0
LOSE

Buff
2 3 5 -2 1 1 6 1 0
LOSE

Buff
2 2 5 -1 1 1 3 1 2
Attack
2 2 3 -1 1 1 4 1 1
Attack
2 2 1 -1 1 1 5 1 0
LOSE

Debuff
2 2 3 -2 1 1 4 1 0
LOSE

Buff
2 3 3 -1 1 1 5 1 0
LOSE

Debuff
2 2 5 -2 1 1 3 1 1
Attack
2 2 3 -2 1 1 5 1 0
LOSE

Debuff
2 2 5 -3 1 1 3 1 0
LOSE

Buff
2 3 5 -2 1 1 5 1 0
LOSE

Buff
2 3 5 -1 1 1 4 1 1
Attack
2 3 2 -1 1 1 5 1 0
LOSE

Debuff
2 3 5 -2 1 1 4 1 0
LOSE

Buff
2 4 5 -1 1 1 5 1 0
LOSE

Buff
2 2 5 0 1 1 2 1 3
Cure
2 2 5 0 1 1 2 0 2
Cure
DIE

Buff
2 2 5 1 1 1 1 1 4
Cure
2 2 5 1 1 1 2 0 3
Cure
DIE

Check 5

2 1 5 1 1 1 2 1 6
Attack
2 1 4 1 1 1 1 1 5
Cure
2 1 4 1 1 1 2 0 4
Attack
2 1 3 1 1 1 1 1 3
Cure
2 1 3 1 1 1 2 0 2
Attack
2 1 2 1 1 1 1 1 1
Attack
2 1 1 1 1 1 0 1 0
LOSE

Debuff
2 1 2 0 1 1 1 1 0
LOSE

Buff
2 2 2 1 1 1 0 1 0
LOSE

Debuff
2 1 3 0 1 1 2 1 1
Attack
2 1 2 0 1 1 2 1 0
LOSE

Debuff
2 1 3 -1 1 1 2 1 0
LOSE

Buff
2 2 3 0 1 1 2 1 0
LOSE

Buff
2 2 3 1 1 1 1 1 1
Attack
2 2 1 1 1 1 0 1 0
LOSE

Debuff
2 2 3 0 1 1 1 1 0
LOSE

Buff
2 3 3 1 1 1 0 1 0
LOSE

Debuff
2 1 4 0 1 1 2 1 3
Attack
2 1 3 0 1 1 2 1 2
Attack
2 1 2 0 1 1 2 1 1
Attack
2 1 1 0 1 1 2 1 0
LOSE

Debuff
2 1 2 -1 1 1 2 1 0
LOSE

Buff
2 2 2 0 1 1 2 1 0
LOSE

Debuff
2 1 3 -1 1 1 2 1 1
Attack
2 1 2 -1 1 1 3 1 0
LOSE

Debuff
2 1 3 -2 1 1 2 1 0
LOSE

Buff
2 2 3 -1 1 1 3 1 0
LOSE

Buff
2 2 3 0 1 1 2 1 1
Attack
2 2 1 0 1 1 2 1 0
LOSE

Debuff
2 2 3 -1 1 1 2 1 0
LOSE

Buff
2 3 3 0 1 1 2 1 0
LOSE

Debuff
2 1 4 -1 1 1 2 1 2
Attack
2 1 3 -1 1 1 3 1 1
Attack
2 1 2 -1 1 1 4 1 0
LOSE

Debuff
2 1 3 -2 1 1 3 1 0
LOSE

Buff
2 2 3 -1 1 1 4 1 0
LOSE

Debuff
2 1 4 -2 1 1 2 1 1
Attack
2 1 3 -2 1 1 4 1 0
LOSE

Debuff
2 1 4 -3 1 1 2 1 0
LOSE

Buff
2 2 4 -2 1 1 4 1 0
LOSE

Buff
2 2 4 -1 1 1 3 1 1
Attack
2 2 2 -1 1 1 4 1 0
LOSE

Debuff
2 2 4 -2 1 1 3 1 0
LOSE

Buff
2 3 4 -1 1 1 4 1 0
LOSE

Buff
2 2 4 0 1 1 2 1 2
Cure
2 2 4 0 1 1 2 0 1
Attack
2 2 2 0 1 1 2 1 0
LOSE

Debuff
2 2 4 -1 1 1 2 1 0
LOSE

Buff
2 3 4 0 1 1 2 1 0
LOSE

Buff
2 2 4 1 1 1 1 1 3
Cure
2 2 4 1 1 1 2 0 2
Cure
DIE

Debuff
2 1 5 0 1 1 2 1 5
Attack
2 1 4 0 1 1 2 1 4
Attack
2 1 3 0 1 1 2 1 3
Attack
2 1 2 0 1 1 2 1 2
Attack
2 1 1 0 1 1 2 1 1
Attack
2 1 0 0 1 1 2 1 0
WIN

Debuff
2 1 1 -1 1 1 2 1 0
LOSE

Buff
2 2 1 0 1 1 2 1 0
LOSE

Debuff
2 1 2 -1 1 1 2 1 1
Attack
2 1 1 -1 1 1 3 1 0
LOSE

Debuff
2 1 2 -2 1 1 2 1 0
LOSE

Buff
2 2 2 -1 1 1 3 1 0
LOSE

Buff
2 2 2 0 1 1 2 1 1
Attack
2 2 0 0 1 1 2 1 0
WIN

Debuff
2 2 2 -1 1 1 2 1 0
LOSE

Buff
2 3 2 0 1 1 2 1 0
LOSE

Debuff
2 1 3 -1 1 1 2 1 2
Attack
2 1 2 -1 1 1 3 1 1
Attack
2 1 1 -1 1 1 4 1 0
LOSE

Debuff
2 1 2 -2 1 1 3 1 0
LOSE

Buff
2 2 2 -1 1 1 4 1 0
LOSE

Debuff
2 1 3 -2 1 1 2 1 1
Attack
2 1 2 -2 1 1 4 1 0
LOSE

Debuff
2 1 3 -3 1 1 2 1 0
LOSE

Buff
2 2 3 -2 1 1 4 1 0
LOSE

Buff
2 2 3 -1 1 1 3 1 1
Attack
2 2 1 -1 1 1 4 1 0
LOSE

Debuff
2 2 3 -2 1 1 3 1 0
LOSE

Buff
2 3 3 -1 1 1 4 1 0
LOSE

Buff
2 2 3 0 1 1 2 1 2
Cure
2 2 3 0 1 1 2 0 1
Attack
2 2 1 0 1 1 2 1 0
LOSE

Debuff
2 2 3 -1 1 1 2 1 0
LOSE

Buff
2 3 3 0 1 1 2 1 0
LOSE

Debuff
2 1 4 -1 1 1 2 1 3
Attack
2 1 3 -1 1 1 3 1 2
Attack
2 1 2 -1 1 1 4 1 1
Attack
2 1 1 -1 1 1 5 1 0
LOSE

Debuff
2 1 2 -2 1 1 4 1 0
LOSE

Buff
2 2 2 -1 1 1 5 1 0
LOSE

Debuff
2 1 3 -2 1 1 3 1 1
Attack
2 1 2 -2 1 1 5 1 0
LOSE

Debuff
2 1 3 -3 1 1 3 1 0
LOSE

Buff
2 2 3 -2 1 1 5 1 0
LOSE

Buff
2 2 3 -1 1 1 4 1 1
Attack
2 2 1 -1 1 1 5 1 0
LOSE

Debuff
2 2 3 -2 1 1 4 1 0
LOSE

Buff
2 3 3 -1 1 1 5 1 0
LOSE

Debuff
2 1 4 -2 1 1 2 1 2
Attack
2 1 3 -2 1 1 4 1 1
Attack
2 1 2 -2 1 1 6 1 0
LOSE

Debuff
2 1 3 -3 1 1 4 1 0
LOSE

Buff
2 2 3 -2 1 1 6 1 0
LOSE

Debuff
2 1 4 -3 1 1 2 1 1
Attack
2 1 3 -3 1 1 5 1 0
LOSE

Debuff
2 1 4 -4 1 1 2 1 0
LOSE

Buff
2 2 4 -3 1 1 5 1 0
LOSE

Buff
2 2 4 -2 1 1 4 1 1
Attack
2 2 2 -2 1 1 6 1 0
LOSE

Debuff
2 2 4 -3 1 1 4 1 0
LOSE

Buff
2 3 4 -2 1 1 6 1 0
LOSE

Buff
2 2 4 -1 1 1 3 1 2
Attack
2 2 2 -1 1 1 4 1 1
Attack
2 2 0 -1 1 1 5 1 0
WIN

Debuff
2 2 2 -2 1 1 4 1 0
LOSE

Buff
2 3 2 -1 1 1 5 1 0
LOSE

Debuff
2 2 4 -2 1 1 3 1 1
Attack
2 2 2 -2 1 1 5 1 0
LOSE

Debuff
2 2 4 -3 1 1 3 1 0
LOSE

Buff
2 3 4 -2 1 1 5 1 0
LOSE

Buff
2 3 4 -1 1 1 4 1 1
Attack
2 3 1 -1 1 1 5 1 0
LOSE

Debuff
2 3 4 -2 1 1 4 1 0
LOSE

Buff
2 4 4 -1 1 1 5 1 0
LOSE

Buff
2 2 4 0 1 1 2 1 3
Cure
2 2 4 0 1 1 2 0 2
Cure
DIE

Debuff
2 1 5 -1 1 1 2 1 4
Attack
2 1 4 -1 1 1 3 1 3
Attack
2 1 3 -1 1 1 4 1 2
Attack
2 1 2 -1 1 1 5 1 1
Attack
2 1 1 -1 1 1 6 1 0
LOSE

Debuff
2 1 2 -2 1 1 5 1 0
LOSE

Buff
2 2 2 -1 1 1 6 1 0
LOSE

Debuff
2 1 3 -2 1 1 4 1 1
Attack
2 1 2 -2 1 1 6 1 0
LOSE

Debuff
2 1 3 -3 1 1 4 1 0
LOSE

Buff
2 2 3 -2 1 1 6 1 0
LOSE

Buff
2 2 3 -1 1 1 5 1 1
Attack
2 2 1 -1 1 1 6 1 0
LOSE

Debuff
2 2 3 -2 1 1 5 1 0
LOSE

Buff
2 3 3 -1 1 1 6 1 0
LOSE

Debuff
2 1 4 -2 1 1 3 1 2
Attack
2 1 3 -2 1 1 5 1 1
Attack
2 1 2 -2 1 1 7 1 0
LOSE

Debuff
2 1 3 -3 1 1 5 1 0
LOSE

Buff
2 2 3 -2 1 1 7 1 0
LOSE

Debuff
2 1 4 -3 1 1 3 1 1
Attack
2 1 3 -3 1 1 6 1 0
LOSE

Debuff
2 1 4 -4 1 1 3 1 0
LOSE

Buff
2 2 4 -3 1 1 6 1 0
LOSE

Buff
2 2 4 -2 1 1 5 1 1
Attack
2 2 2 -2 1 1 7 1 0
LOSE

Debuff
2 2 4 -3 1 1 5 1 0
LOSE

Buff
2 3 4 -2 1 1 7 1 0
LOSE

Buff
2 2 4 -1 1 1 4 1 2
Attack
2 2 2 -1 1 1 5 1 1
Attack
2 2 0 -1 1 1 6 1 0
WIN

Debuff
2 2 2 -2 1 1 5 1 0
LOSE

Buff
2 3 2 -1 1 1 6 1 0
LOSE

Debuff
2 2 4 -2 1 1 4 1 1
Attack
2 2 2 -2 1 1 6 1 0
LOSE

Debuff
2 2 4 -3 1 1 4 1 0
LOSE

Buff
2 3 4 -2 1 1 6 1 0
LOSE

Buff
2 3 4 -1 1 1 5 1 1
Attack
2 3 1 -1 1 1 6 1 0
LOSE

Debuff
2 3 4 -2 1 1 5 1 0
LOSE

Buff
2 4 4 -1 1 1 6 1 0
LOSE

Debuff
2 1 5 -2 1 1 2 1 3
Attack
2 1 4 -2 1 1 4 1 2
Attack
2 1 3 -2 1 1 6 1 1
Attack
2 1 2 -2 1 1 8 1 0
LOSE

Debuff
2 1 3 -3 1 1 6 1 0
LOSE

Buff
2 2 3 -2 1 1 8 1 0
LOSE

Debuff
2 1 4 -3 1 1 4 1 1
Attack
2 1 3 -3 1 1 7 1 0
LOSE

Debuff
2 1 4 -4 1 1 4 1 0
LOSE

Buff
2 2 4 -3 1 1 7 1 0
LOSE

Buff
2 2 4 -2 1 1 6 1 1
Attack
2 2 2 -2 1 1 8 1 0
LOSE

Debuff
2 2 4 -3 1 1 6 1 0
LOSE

Buff
2 3 4 -2 1 1 8 1 0
LOSE

Debuff
2 1 5 -3 1 1 2 1 2
Attack
2 1 4 -3 1 1 5 1 1
Attack
2 1 3 -3 1 1 8 1 0
LOSE

Debuff
2 1 4 -4 1 1 5 1 0
LOSE

Buff
2 2 4 -3 1 1 8 1 0
LOSE

Debuff
2 1 5 -4 1 1 2 1 1
Attack
2 1 4 -4 1 1 6 1 0
LOSE

Debuff
2 1 5 -5 1 1 2 1 0
LOSE

Buff
2 2 5 -4 1 1 6 1 0
LOSE

Buff
2 2 5 -3 1 1 5 1 1
Attack
2 2 3 -3 1 1 8 1 0
LOSE

Debuff
2 2 5 -4 1 1 5 1 0
LOSE

Buff
2 3 5 -3 1 1 8 1 0
LOSE

Buff
2 2 5 -2 1 1 4 1 2
Attack
2 2 3 -2 1 1 6 1 1
Attack
2 2 1 -2 1 1 8 1 0
LOSE

Debuff
2 2 3 -3 1 1 6 1 0
LOSE

Buff
2 3 3 -2 1 1 8 1 0
LOSE

Debuff
2 2 5 -3 1 1 4 1 1
Attack
2 2 3 -3 1 1 7 1 0
LOSE

Debuff
2 2 5 -4 1 1 4 1 0
LOSE

Buff
2 3 5 -3 1 1 7 1 0
LOSE

Buff
2 3 5 -2 1 1 6 1 1
Attack
2 3 2 -2 1 1 8 1 0
LOSE

Debuff
2 3 5 -3 1 1 6 1 0
LOSE

Buff
2 4 5 -2 1 1 8 1 0
LOSE

Buff
2 2 5 -1 1 1 3 1 3
Attack
2 2 3 -1 1 1 4 1 2
Attack
2 2 1 -1 1 1 5 1 1
Attack
2 2 -1 -1 1 1 6 1 0
WIN

Debuff
2 2 1 -2 1 1 5 1 0
LOSE

Buff
2 3 1 -1 1 1 6 1 0
LOSE

Debuff
2 2 3 -2 1 1 4 1 1
Attack
2 2 1 -2 1 1 6 1 0
LOSE

Debuff
2 2 3 -3 1 1 4 1 0
LOSE

Buff
2 3 3 -2 1 1 6 1 0
LOSE

Buff
2 3 3 -1 1 1 5 1 1
Attack
2 3 0 -1 1 1 6 1 0
WIN

Debuff
2 3 3 -2 1 1 5 1 0
LOSE

Buff
2 4 3 -1 1 1 6 1 0
LOSE

Debuff
2 2 5 -2 1 1 3 1 2
Attack
2 2 3 -2 1 1 5 1 1
Attack
2 2 1 -2 1 1 7 1 0
LOSE

Debuff
2 2 3 -3 1 1 5 1 0
LOSE

Buff
2 3 3 -2 1 1 7 1 0
LOSE

Debuff
2 2 5 -3 1 1 3 1 1
Attack
2 2 3 -3 1 1 6 1 0
LOSE

Debuff
2 2 5 -4 1 1 3 1 0
LOSE

Buff
2 3 5 -3 1 1 6 1 0
LOSE

Buff
2 3 5 -2 1 1 5 1 1
Attack
2 3 2 -2 1 1 7 1 0
LOSE

Debuff
2 3 5 -3 1 1 5 1 0
LOSE

Buff
2 4 5 -2 1 1 7 1 0
LOSE

Buff
2 3 5 -1 1 1 4 1 2
Attack
2 3 2 -1 1 1 5 1 1
Attack
2 3 -1 -1 1 1 6 1 0
WIN

Debuff
2 3 2 -2 1 1 5 1 0
LOSE

Buff
2 4 2 -1 1 1 6 1 0
LOSE

Debuff
2 3 5 -2 1 1 4 1 1
Attack
2 3 2 -2 1 1 6 1 0
LOSE

Debuff
2 3 5 -3 1 1 4 1 0
LOSE

Buff
2 4 5 -2 1 1 6 1 0
LOSE

Buff
2 4 5 -1 1 1 5 1 1
Attack
2 4 1 -1 1 1 6 1 0
LOSE

Debuff
2 4 5 -2 1 1 5 1 0
LOSE

Buff
2 5 5 -1 1 1 6 1 0
LOSE

Buff
2 2 5 0 1 1 2 1 4
Cure
2 2 5 0 1 1 2 0 3
Cure
DIE

Buff
2 2 5 1 1 1 1 1 5
Cure
2 2 5 1 1 1 2 0 4
Cure
DIE

Case #4: 6
