judge:   01101000100011010100
judge: !Reversed
judge:   00101011000100010110
judge:   00101011000100010110
judge:   00101011000100010110
judge:   00101011000100010110
judge:   00101011000100010110
judge:   00101011000100010110
judge:   00101011000100010110
judge:   00101011000100010110
judge:   00101011000100010110
judge:   00101011000100010110
judge: !Reversed
judge: !Flipped
judge:   10010111011100101011
judge:   10010111011100101011
judge:   10010111011100101011
judge:   10010111011100101011
judge:   10010111011100101011
judge:   10010111011100101011
judge:   10010111011100101011
judge:   10010111011100101011
judge:   10010111011100101011
judge:   10010111011100101011
judge: !Reversed
judge: !Flipped
judge:   00101011000100010110
judge:   00101011000100010110
judge:   00101011000100010110
judge:  receive: 00101011000100010110
judge:  answer:  00101011000100010110
judge: !CORRECT
judge:   10011100010101011101
judge:   10011100010101011101
judge:   10011100010101011101
judge:   10011100010101011101
judge:   10011100010101011101
judge:   10011100010101011101
judge:   10011100010101011101
judge:   10011100010101011101
judge:   10011100010101011101
judge:   10011100010101011101
judge:   10011100010101011101
judge:   10011100010101011101
judge:   10011100010101011101
judge:   10011100010101011101
judge:   10011100010101011101
judge:   10011100010101011101
judge:   10011100010101011101
judge:   10011100010101011101
judge:   10011100010101011101
judge:   10011100010101011101
judge:   10011100010101011101
judge:   10011100010101011101
judge:   10011100010101011101
judge:   10011100010101011101
judge:  receive: 10011100010101011101
judge:  answer:  10011100010101011101
judge: !CORRECT
judge:   10010000000100110010
judge: !Reversed
judge: !Flipped
judge:   10110011011111110110
judge:   10110011011111110110
judge:   10110011011111110110
judge:   10110011011111110110
judge:   10110011011111110110
judge:   10110011011111110110
judge:   10110011011111110110
judge:   10110011011111110110
judge:   10110011011111110110
judge:   10110011011111110110
judge:   10110011011111110110
judge:   10110011011111110110
judge:   10110011011111110110
judge:   10110011011111110110
judge:   10110011011111110110
judge:   10110011011111110110
judge:   10110011011111110110
judge:   10110011011111110110
judge:   10110011011111110110
judge:   10110011011111110110
judge: !Flipped
judge:   01001100100000001001
judge:   01001100100000001001
judge:   01001100100000001001
judge:  receive: 01001100100000001001
judge:  answer:  01001100100000001001
judge: !CORRECT
judge:   10011011000000100001
judge: !Reversed
judge:   10000100000011011001
judge:   10000100000011011001
judge:   10000100000011011001
judge:   10000100000011011001
judge:   10000100000011011001
judge:   10000100000011011001
judge:   10000100000011011001
judge:   10000100000011011001
judge:   10000100000011011001
judge:   10000100000011011001
judge: !Reversed
judge:   10011011000000100001
judge:   10011011000000100001
judge:   10011011000000100001
judge:   10011011000000100001
judge:   10011011000000100001
judge:   10011011000000100001
judge:   10011011000000100001
judge:   10011011000000100001
judge:   10011011000000100001
judge:   10011011000000100001
judge: !Reversed
judge: !Flipped
judge:   01111011111100100110
judge:   01111011111100100110
judge:   01111011111100100110
judge:  receive: 01111011111100100110
judge:  answer:  01111011111100100110
judge: !CORRECT
judge:   10010011100111011011
judge: !Reversed
judge:   11011011100111001001
judge:   11011011100111001001
judge:   11011011100111001001
judge:   11011011100111001001
judge:   11011011100111001001
judge:   11011011100111001001
judge:   11011011100111001001
judge:   11011011100111001001
judge:   11011011100111001001
judge:   11011011100111001001
judge:   11011011100111001001
judge:   11011011100111001001
judge:   11011011100111001001
judge:   11011011100111001001
judge:   11011011100111001001
judge:   11011011100111001001
judge:   11011011100111001001
judge:   11011011100111001001
judge:   11011011100111001001
judge:   11011011100111001001
judge: !Reversed
judge: !Flipped
judge:   01101100011000100100
judge:   01101100011000100100
judge:   01101100011000100100
judge:  receive: 01101100011000100100
judge:  answer:  01101100011000100100
judge: !CORRECT
judge:   11011110011110111000
judge: !Reversed
judge:   00011101111001111011
judge:   00011101111001111011
judge:   00011101111001111011
judge:   00011101111001111011
judge:   00011101111001111011
judge:   00011101111001111011
judge:   00011101111001111011
judge:   00011101111001111011
judge:   00011101111001111011
judge:   00011101111001111011
judge:   00011101111001111011
judge:   00011101111001111011
judge:   00011101111001111011
judge:   00011101111001111011
judge:   00011101111001111011
judge:   00011101111001111011
judge:   00011101111001111011
judge:   00011101111001111011
judge:   00011101111001111011
judge:   00011101111001111011
judge: !Reversed
judge:   11011110011110111000
judge:   11011110011110111000
judge:   11011110011110111000
judge:  receive: 11011110011110111000
judge:  answer:  11011110011110111000
judge: !CORRECT
judge:   01110100011110111000
judge: !Reversed
judge: !Flipped
judge:   11100010000111010001
judge:   11100010000111010001
judge:   11100010000111010001
judge:   11100010000111010001
judge:   11100010000111010001
judge:   11100010000111010001
judge:   11100010000111010001
judge:   11100010000111010001
judge:   11100010000111010001
judge:   11100010000111010001
judge: !Reversed
judge:   10001011100001000111
judge:   10001011100001000111
judge:   10001011100001000111
judge:   10001011100001000111
judge:   10001011100001000111
judge:   10001011100001000111
judge:   10001011100001000111
judge:   10001011100001000111
judge:   10001011100001000111
judge:   10001011100001000111
judge: !Flipped
judge:   01110100011110111000
judge:   01110100011110111000
judge:   01110100011110111000
judge:  receive: 01110100011110111000
judge:  answer:  01110100011110111000
judge: !CORRECT
judge:   10100000000000110000
judge: !Reversed
judge:   00001100000000000101
judge:   00001100000000000101
judge:   00001100000000000101
judge:   00001100000000000101
judge:   00001100000000000101
judge:   00001100000000000101
judge:   00001100000000000101
judge:   00001100000000000101
judge:   00001100000000000101
judge:   00001100000000000101
judge: !Flipped
judge:   11110011111111111010
judge:   11110011111111111010
judge:   11110011111111111010
judge:   11110011111111111010
judge:   11110011111111111010
judge:   11110011111111111010
judge:   11110011111111111010
judge:   11110011111111111010
judge:   11110011111111111010
judge:   11110011111111111010
judge: !Reversed
judge: !Flipped
judge:   10100000000000110000
judge:   10100000000000110000
judge:   10100000000000110000
judge:  receive: 10100000000000110000
judge:  answer:  10100000000000110000
judge: !CORRECT
judge:   10001010101000100001
judge: !Flipped
judge:   01110101010111011110
judge:   01110101010111011110
judge:   01110101010111011110
judge:   01110101010111011110
judge:   01110101010111011110
judge:   01110101010111011110
judge:   01110101010111011110
judge:   01110101010111011110
judge:   01110101010111011110
judge:   01110101010111011110
judge: !Reversed
judge:   01111011101010101110
judge:   01111011101010101110
judge:   01111011101010101110
judge:   01111011101010101110
judge:   01111011101010101110
judge:   01111011101010101110
judge:   01111011101010101110
judge:   01111011101010101110
judge:   01111011101010101110
judge:   01111011101010101110
judge: !Reversed
judge: !Flipped
judge:   10001010101000100001
judge:   10001010101000100001
judge:   10001010101000100001
judge:  receive: 10001010101000100001
judge:  answer:  10001010101000100001
judge: !CORRECT
judge:   10010100101001000101
judge: !Reversed
judge:   10100010010100101001
judge:   10100010010100101001
judge:   10100010010100101001
judge:   10100010010100101001
judge:   10100010010100101001
judge:   10100010010100101001
judge:   10100010010100101001
judge:   10100010010100101001
judge:   10100010010100101001
judge:   10100010010100101001
judge: !Reversed
judge: !Flipped
judge:   01101011010110111010
judge:   01101011010110111010
judge:   01101011010110111010
judge:   01101011010110111010
judge:   01101011010110111010
judge:   01101011010110111010
judge:   01101011010110111010
judge:   01101011010110111010
judge:   01101011010110111010
judge:   01101011010110111010
judge:   01101011010110111010
judge:   01101011010110111010
judge:   01101011010110111010
judge:  receive: 01101011010110111010
judge:  answer:  01101011010110111010
judge: !CORRECT
judge:   01010101011100001000
judge: !Reversed
judge:   00010000111010101010
judge:   00010000111010101010
judge:   00010000111010101010
judge:   00010000111010101010
judge:   00010000111010101010
judge:   00010000111010101010
judge:   00010000111010101010
judge:   00010000111010101010
judge:   00010000111010101010
judge:   00010000111010101010
judge: !Reversed
judge:   01010101011100001000
judge:   01010101011100001000
judge:   01010101011100001000
judge:   01010101011100001000
judge:   01010101011100001000
judge:   01010101011100001000
judge:   01010101011100001000
judge:   01010101011100001000
judge:   01010101011100001000
judge:   01010101011100001000
judge: !Flipped
judge:   10101010100011110111
judge:   10101010100011110111
judge:   10101010100011110111
judge:  receive: 10101010100011110111
judge:  answer:  10101010100011110111
judge: !CORRECT
judge:   11000100011001101100
judge: !Reversed
judge: !Flipped
judge:   11001001100111011100
judge:   11001001100111011100
judge:   11001001100111011100
judge:   11001001100111011100
judge:   11001001100111011100
judge:   11001001100111011100
judge:   11001001100111011100
judge:   11001001100111011100
judge:   11001001100111011100
judge:   11001001100111011100
judge: !Reversed
judge:   00111011100110010011
judge:   00111011100110010011
judge:   00111011100110010011
judge:   00111011100110010011
judge:   00111011100110010011
judge:   00111011100110010011
judge:   00111011100110010011
judge:   00111011100110010011
judge:   00111011100110010011
judge:   00111011100110010011
judge: !Reversed
judge: !Flipped
judge:   00110110011000100011
judge:   00110110011000100011
judge:   00110110011000100011
judge:  receive: 00110110011000100011
judge:  answer:  00110110011000100011
judge: !CORRECT
judge:   01010111100001011111
judge: !Flipped
judge:   10101000011110100000
judge:   10101000011110100000
judge:   10101000011110100000
judge:   10101000011110100000
judge:   10101000011110100000
judge:   10101000011110100000
judge:   10101000011110100000
judge:   10101000011110100000
judge:   10101000011110100000
judge:   10101000011110100000
judge: !Flipped
judge:   01010111100001011111
judge:   01010111100001011111
judge:   01010111100001011111
judge:   01010111100001011111
judge:   01010111100001011111
judge:   01010111100001011111
judge:   01010111100001011111
judge:   01010111100001011111
judge:   01010111100001011111
judge:   01010111100001011111
judge: !Reversed
judge: !Flipped
judge:   00000101111000010101
judge:   00000101111000010101
judge:   00000101111000010101
judge:  receive: 00000101111000010101
judge:  answer:  00000101111000010101
judge: !CORRECT
judge:   00110100111100000011
judge: !Reversed
judge:   11000000111100101100
judge:   11000000111100101100
judge:   11000000111100101100
judge:   11000000111100101100
judge:   11000000111100101100
judge:   11000000111100101100
judge:   11000000111100101100
judge:   11000000111100101100
judge:   11000000111100101100
judge:   11000000111100101100
judge: !Flipped
judge:   00111111000011010011
judge:   00111111000011010011
judge:   00111111000011010011
judge:   00111111000011010011
judge:   00111111000011010011
judge:   00111111000011010011
judge:   00111111000011010011
judge:   00111111000011010011
judge:   00111111000011010011
judge:   00111111000011010011
judge:   00111111000011010011
judge:   00111111000011010011
judge:   00111111000011010011
judge:  receive: 00111111000011010011
judge:  answer:  00111111000011010011
judge: !CORRECT
judge:   00001011001100101011
judge: !Reversed
judge: !Flipped
judge:   00101011001100101111
judge:   00101011001100101111
judge:   00101011001100101111
judge:   00101011001100101111
judge:   00101011001100101111
judge:   00101011001100101111
judge:   00101011001100101111
judge:   00101011001100101111
judge:   00101011001100101111
judge:   00101011001100101111
judge: !Flipped
judge:   11010100110011010000
judge:   11010100110011010000
judge:   11010100110011010000
judge:   11010100110011010000
judge:   11010100110011010000
judge:   11010100110011010000
judge:   11010100110011010000
judge:   11010100110011010000
judge:   11010100110011010000
judge:   11010100110011010000
judge: !Reversed
judge: !Flipped
judge:   11110100110011010100
judge:   11110100110011010100
judge:   11110100110011010100
judge:  receive: 11110100110011010100
judge:  answer:  11110100110011010100
judge: !CORRECT
judge:   00000111111110111101
judge: !Flipped
judge:   11111000000001000010
judge:   11111000000001000010
judge:   11111000000001000010
judge:   11111000000001000010
judge:   11111000000001000010
judge:   11111000000001000010
judge:   11111000000001000010
judge:   11111000000001000010
judge:   11111000000001000010
judge:   11111000000001000010
judge: !Reversed
judge:   01000010000000011111
judge:   01000010000000011111
judge:   01000010000000011111
judge:   01000010000000011111
judge:   01000010000000011111
judge:   01000010000000011111
judge:   01000010000000011111
judge:   01000010000000011111
judge:   01000010000000011111
judge:   01000010000000011111
judge: !Reversed
judge: !Flipped
judge:   00000111111110111101
judge:   00000111111110111101
judge:   00000111111110111101
judge:  receive: 00000111111110111101
judge:  answer:  00000111111110111101
judge: !CORRECT
judge:   11010111110010011100
judge: !Reversed
judge: !Flipped
judge:   11000110110000010100
judge:   11000110110000010100
judge:   11000110110000010100
judge:   11000110110000010100
judge:   11000110110000010100
judge:   11000110110000010100
judge:   11000110110000010100
judge:   11000110110000010100
judge:   11000110110000010100
judge:   11000110110000010100
judge: !Reversed
judge:   00101000001101100011
judge:   00101000001101100011
judge:   00101000001101100011
judge:   00101000001101100011
judge:   00101000001101100011
judge:   00101000001101100011
judge:   00101000001101100011
judge:   00101000001101100011
judge:   00101000001101100011
judge:   00101000001101100011
judge: !Reversed
judge:   11000110110000010100
judge:   11000110110000010100
judge:   11000110110000010100
judge:  receive: 11000110110000010100
judge:  answer:  11000110110000010100
judge: !CORRECT
judge:   11010101010011111011
judge: !Reversed
judge: !Flipped
judge:   00100000110101010100
judge:   00100000110101010100
judge:   00100000110101010100
judge:   00100000110101010100
judge:   00100000110101010100
judge:   00100000110101010100
judge:   00100000110101010100
judge:   00100000110101010100
judge:   00100000110101010100
judge:   00100000110101010100
judge: !Reversed
judge: !Flipped
judge:   11010101010011111011
judge:   11010101010011111011
judge:   11010101010011111011
judge:   11010101010011111011
judge:   11010101010011111011
judge:   11010101010011111011
judge:   11010101010011111011
judge:   11010101010011111011
judge:   11010101010011111011
judge:   11010101010011111011
judge:   11010101010011111011
judge:   11010101010011111011
judge:   11010101010011111011
judge:  receive: 11010101010011111011
judge:  answer:  11010101010011111011
judge: !CORRECT
judge:   11110100111000001000
judge:   11110100111000001000
judge:   11110100111000001000
judge:   11110100111000001000
judge:   11110100111000001000
judge:   11110100111000001000
judge:   11110100111000001000
judge:   11110100111000001000
judge:   11110100111000001000
judge:   11110100111000001000
judge:   11110100111000001000
judge: !Flipped
judge:   00001011000111110111
judge:   00001011000111110111
judge:   00001011000111110111
judge:   00001011000111110111
judge:   00001011000111110111
judge:   00001011000111110111
judge:   00001011000111110111
judge:   00001011000111110111
judge:   00001011000111110111
judge:   00001011000111110111
judge:   00001011000111110111
judge:   00001011000111110111
judge:   00001011000111110111
judge:  receive: 00001011000111110111
judge:  answer:  00001011000111110111
judge: !CORRECT
judge:   11101000110001100011
judge: !Flipped
judge:   00010111001110011100
judge:   00010111001110011100
judge:   00010111001110011100
judge:   00010111001110011100
judge:   00010111001110011100
judge:   00010111001110011100
judge:   00010111001110011100
judge:   00010111001110011100
judge:   00010111001110011100
judge:   00010111001110011100
judge: !Reversed
judge: !Flipped
judge:   11000110001100010111
judge:   11000110001100010111
judge:   11000110001100010111
judge:   11000110001100010111
judge:   11000110001100010111
judge:   11000110001100010111
judge:   11000110001100010111
judge:   11000110001100010111
judge:   11000110001100010111
judge:   11000110001100010111
judge: !Reversed
judge: !Flipped
judge:   00010111001110011100
judge:   00010111001110011100
judge:   00010111001110011100
judge:  receive: 00010111001110011100
judge:  answer:  00010111001110011100
judge: !CORRECT
judge:   00001001010100010101
judge:   00001001010100010101
judge:   00001001010100010101
judge:   00001001010100010101
judge:   00001001010100010101
judge:   00001001010100010101
judge:   00001001010100010101
judge:   00001001010100010101
judge:   00001001010100010101
judge:   00001001010100010101
judge:   00001001010100010101
judge:   00001001010100010101
judge:   00001001010100010101
judge:   00001001010100010101
judge:   00001001010100010101
judge:   00001001010100010101
judge:   00001001010100010101
judge:   00001001010100010101
judge:   00001001010100010101
judge:   00001001010100010101
judge:   00001001010100010101
judge: !Flipped
judge:   11110110101011101010
judge:   11110110101011101010
judge:   11110110101011101010
judge:  receive: 11110110101011101010
judge:  answer:  11110110101011101010
judge: !CORRECT
judge:   11110000001110010110
judge: !Reversed
judge: !Flipped
judge:   10010110001111110000
judge:   10010110001111110000
judge:   10010110001111110000
judge:   10010110001111110000
judge:   10010110001111110000
judge:   10010110001111110000
judge:   10010110001111110000
judge:   10010110001111110000
judge:   10010110001111110000
judge:   10010110001111110000
judge:   10010110001111110000
judge:   10010110001111110000
judge:   10010110001111110000
judge:   10010110001111110000
judge:   10010110001111110000
judge:   10010110001111110000
judge:   10010110001111110000
judge:   10010110001111110000
judge:   10010110001111110000
judge:   10010110001111110000
judge:   10010110001111110000
judge:   10010110001111110000
judge:   10010110001111110000
judge:  receive: 10010110001111110000
judge:  answer:  10010110001111110000
judge: !CORRECT
judge:   00110010110100001010
judge: !Flipped
judge:   11001101001011110101
judge:   11001101001011110101
judge:   11001101001011110101
judge:   11001101001011110101
judge:   11001101001011110101
judge:   11001101001011110101
judge:   11001101001011110101
judge:   11001101001011110101
judge:   11001101001011110101
judge:   11001101001011110101
judge: !Reversed
judge: !Flipped
judge:   01010000101101001100
judge:   01010000101101001100
judge:   01010000101101001100
judge:   01010000101101001100
judge:   01010000101101001100
judge:   01010000101101001100
judge:   01010000101101001100
judge:   01010000101101001100
judge:   01010000101101001100
judge:   01010000101101001100
judge:   01010000101101001100
judge:   01010000101101001100
judge:   01010000101101001100
judge:  receive: 01010000101101001100
judge:  answer:  01010000101101001100
judge: !CORRECT
judge:   11000011000110110100
judge: !Flipped
judge:   00111100111001001011
judge:   00111100111001001011
judge:   00111100111001001011
judge:   00111100111001001011
judge:   00111100111001001011
judge:   00111100111001001011
judge:   00111100111001001011
judge:   00111100111001001011
judge:   00111100111001001011
judge:   00111100111001001011
judge: !Reversed
judge:   11010010011100111100
judge:   11010010011100111100
judge:   11010010011100111100
judge:   11010010011100111100
judge:   11010010011100111100
judge:   11010010011100111100
judge:   11010010011100111100
judge:   11010010011100111100
judge:   11010010011100111100
judge:   11010010011100111100
judge: !Flipped
judge:   00101101100011000011
judge:   00101101100011000011
judge:   00101101100011000011
judge:  receive: 00101101100011000011
judge:  answer:  00101101100011000011
judge: !CORRECT
judge:   10010000110111010001
judge: !Reversed
judge: !Flipped
judge:   01110100010011110110
judge:   01110100010011110110
judge:   01110100010011110110
judge:   01110100010011110110
judge:   01110100010011110110
judge:   01110100010011110110
judge:   01110100010011110110
judge:   01110100010011110110
judge:   01110100010011110110
judge:   01110100010011110110
judge: !Reversed
judge: !Flipped
judge:   10010000110111010001
judge:   10010000110111010001
judge:   10010000110111010001
judge:   10010000110111010001
judge:   10010000110111010001
judge:   10010000110111010001
judge:   10010000110111010001
judge:   10010000110111010001
judge:   10010000110111010001
judge:   10010000110111010001
judge: !Reversed
judge: !Flipped
judge:   01110100010011110110
judge:   01110100010011110110
judge:   01110100010011110110
judge:  receive: 01110100010011110110
judge:  answer:  01110100010011110110
judge: !CORRECT
judge:   00011011010010111101
judge:   00011011010010111101
judge:   00011011010010111101
judge:   00011011010010111101
judge:   00011011010010111101
judge:   00011011010010111101
judge:   00011011010010111101
judge:   00011011010010111101
judge:   00011011010010111101
judge:   00011011010010111101
judge:   00011011010010111101
judge: !Reversed
judge:   10111101001011011000
judge:   10111101001011011000
judge:   10111101001011011000
judge:   10111101001011011000
judge:   10111101001011011000
judge:   10111101001011011000
judge:   10111101001011011000
judge:   10111101001011011000
judge:   10111101001011011000
judge:   10111101001011011000
judge:   10111101001011011000
judge:   10111101001011011000
judge:   10111101001011011000
judge:  receive: 10111101001011011000
judge:  answer:  10111101001011011000
judge: !CORRECT
judge:   01001110010100100101
judge:   01001110010100100101
judge:   01001110010100100101
judge:   01001110010100100101
judge:   01001110010100100101
judge:   01001110010100100101
judge:   01001110010100100101
judge:   01001110010100100101
judge:   01001110010100100101
judge:   01001110010100100101
judge:   01001110010100100101
judge:   01001110010100100101
judge:   01001110010100100101
judge:   01001110010100100101
judge:   01001110010100100101
judge:   01001110010100100101
judge:   01001110010100100101
judge:   01001110010100100101
judge:   01001110010100100101
judge:   01001110010100100101
judge:   01001110010100100101
judge: !Flipped
judge:   10110001101011011010
judge:   10110001101011011010
judge:   10110001101011011010
judge:  receive: 10110001101011011010
judge:  answer:  10110001101011011010
judge: !CORRECT
judge:   10011101010001001101
judge: !Flipped
judge:   01100010101110110010
judge:   01100010101110110010
judge:   01100010101110110010
judge:   01100010101110110010
judge:   01100010101110110010
judge:   01100010101110110010
judge:   01100010101110110010
judge:   01100010101110110010
judge:   01100010101110110010
judge:   01100010101110110010
judge:   01100010101110110010
judge:   01100010101110110010
judge:   01100010101110110010
judge:   01100010101110110010
judge:   01100010101110110010
judge:   01100010101110110010
judge:   01100010101110110010
judge:   01100010101110110010
judge:   01100010101110110010
judge:   01100010101110110010
judge: !Reversed
judge:   01001101110101000110
judge:   01001101110101000110
judge:   01001101110101000110
judge:  receive: 01001101110101000110
judge:  answer:  01001101110101000110
judge: !CORRECT
judge:   10110111111001110011
judge: !Flipped
judge:   01001000000110001100
judge:   01001000000110001100
judge:   01001000000110001100
judge:   01001000000110001100
judge:   01001000000110001100
judge:   01001000000110001100
judge:   01001000000110001100
judge:   01001000000110001100
judge:   01001000000110001100
judge:   01001000000110001100
judge:   01001000000110001100
judge:   01001000000110001100
judge:   01001000000110001100
judge:   01001000000110001100
judge:   01001000000110001100
judge:   01001000000110001100
judge:   01001000000110001100
judge:   01001000000110001100
judge:   01001000000110001100
judge:   01001000000110001100
judge: !Reversed
judge:   00110001100000010010
judge:   00110001100000010010
judge:   00110001100000010010
judge:  receive: 00110001100000010010
judge:  answer:  00110001100000010010
judge: !CORRECT
judge:   01100010001010011101
judge:   01100010001010011101
judge:   01100010001010011101
judge:   01100010001010011101
judge:   01100010001010011101
judge:   01100010001010011101
judge:   01100010001010011101
judge:   01100010001010011101
judge:   01100010001010011101
judge:   01100010001010011101
judge:   01100010001010011101
judge: !Flipped
judge:   10011101110101100010
judge:   10011101110101100010
judge:   10011101110101100010
judge:   10011101110101100010
judge:   10011101110101100010
judge:   10011101110101100010
judge:   10011101110101100010
judge:   10011101110101100010
judge:   10011101110101100010
judge:   10011101110101100010
judge: !Reversed
judge: !Flipped
judge:   10111001010001000110
judge:   10111001010001000110
judge:   10111001010001000110
judge:  receive: 10111001010001000110
judge:  answer:  10111001010001000110
judge: !CORRECT
judge:   10001000001100000111
judge: !Reversed
judge: !Flipped
judge:   00011111001111101110
judge:   00011111001111101110
judge:   00011111001111101110
judge:   00011111001111101110
judge:   00011111001111101110
judge:   00011111001111101110
judge:   00011111001111101110
judge:   00011111001111101110
judge:   00011111001111101110
judge:   00011111001111101110
judge: !Reversed
judge:   01110111110011111000
judge:   01110111110011111000
judge:   01110111110011111000
judge:   01110111110011111000
judge:   01110111110011111000
judge:   01110111110011111000
judge:   01110111110011111000
judge:   01110111110011111000
judge:   01110111110011111000
judge:   01110111110011111000
judge:   01110111110011111000
judge:   01110111110011111000
judge:   01110111110011111000
judge:  receive: 01110111110011111000
judge:  answer:  01110111110011111000
judge: !CORRECT
judge:   01110100000101010001
judge: !Flipped
judge:   10001011111010101110
judge:   10001011111010101110
judge:   10001011111010101110
judge:   10001011111010101110
judge:   10001011111010101110
judge:   10001011111010101110
judge:   10001011111010101110
judge:   10001011111010101110
judge:   10001011111010101110
judge:   10001011111010101110
judge: !Reversed
judge: !Flipped
judge:   10001010100000101110
judge:   10001010100000101110
judge:   10001010100000101110
judge:   10001010100000101110
judge:   10001010100000101110
judge:   10001010100000101110
judge:   10001010100000101110
judge:   10001010100000101110
judge:   10001010100000101110
judge:   10001010100000101110
judge: !Reversed
judge: !Flipped
judge:   10001011111010101110
judge:   10001011111010101110
judge:   10001011111010101110
judge:  receive: 10001011111010101110
judge:  answer:  10001011111010101110
judge: !CORRECT
judge:   11100110111110000010
judge: !Reversed
judge:   01000001111101100111
judge:   01000001111101100111
judge:   01000001111101100111
judge:   01000001111101100111
judge:   01000001111101100111
judge:   01000001111101100111
judge:   01000001111101100111
judge:   01000001111101100111
judge:   01000001111101100111
judge:   01000001111101100111
judge: !Flipped
judge:   10111110000010011000
judge:   10111110000010011000
judge:   10111110000010011000
judge:   10111110000010011000
judge:   10111110000010011000
judge:   10111110000010011000
judge:   10111110000010011000
judge:   10111110000010011000
judge:   10111110000010011000
judge:   10111110000010011000
judge:   10111110000010011000
judge:   10111110000010011000
judge:   10111110000010011000
judge:  receive: 10111110000010011000
judge:  answer:  10111110000010011000
judge: !CORRECT
judge:   01001100001011010100
judge: !Flipped
judge:   10110011110100101011
judge:   10110011110100101011
judge:   10110011110100101011
judge:   10110011110100101011
judge:   10110011110100101011
judge:   10110011110100101011
judge:   10110011110100101011
judge:   10110011110100101011
judge:   10110011110100101011
judge:   10110011110100101011
judge: !Reversed
judge:   11010100101111001101
judge:   11010100101111001101
judge:   11010100101111001101
judge:   11010100101111001101
judge:   11010100101111001101
judge:   11010100101111001101
judge:   11010100101111001101
judge:   11010100101111001101
judge:   11010100101111001101
judge:   11010100101111001101
judge: !Reversed
judge: !Flipped
judge:   01001100001011010100
judge:   01001100001011010100
judge:   01001100001011010100
judge:  receive: 01001100001011010100
judge:  answer:  01001100001011010100
judge: !CORRECT
judge:   10000000000101011100
judge:   10000000000101011100
judge:   10000000000101011100
judge:   10000000000101011100
judge:   10000000000101011100
judge:   10000000000101011100
judge:   10000000000101011100
judge:   10000000000101011100
judge:   10000000000101011100
judge:   10000000000101011100
judge:   10000000000101011100
judge: !Reversed
judge: !Flipped
judge:   11000101011111111110
judge:   11000101011111111110
judge:   11000101011111111110
judge:   11000101011111111110
judge:   11000101011111111110
judge:   11000101011111111110
judge:   11000101011111111110
judge:   11000101011111111110
judge:   11000101011111111110
judge:   11000101011111111110
judge: !Reversed
judge:   01111111111010100011
judge:   01111111111010100011
judge:   01111111111010100011
judge:  receive: 01111111111010100011
judge:  answer:  01111111111010100011
judge: !CORRECT
judge:   00001001100011110011
judge: !Reversed
judge:   11001111000110010000
judge:   11001111000110010000
judge:   11001111000110010000
judge:   11001111000110010000
judge:   11001111000110010000
judge:   11001111000110010000
judge:   11001111000110010000
judge:   11001111000110010000
judge:   11001111000110010000
judge:   11001111000110010000
judge:   11001111000110010000
judge:   11001111000110010000
judge:   11001111000110010000
judge:   11001111000110010000
judge:   11001111000110010000
judge:   11001111000110010000
judge:   11001111000110010000
judge:   11001111000110010000
judge:   11001111000110010000
judge:   11001111000110010000
judge:   11001111000110010000
judge:   11001111000110010000
judge:   11001111000110010000
judge:  receive: 11001111000110010000
judge:  answer:  11001111000110010000
judge: !CORRECT
judge:   11100000100101100101
judge:   11100000100101100101
judge:   11100000100101100101
judge:   11100000100101100101
judge:   11100000100101100101
judge:   11100000100101100101
judge:   11100000100101100101
judge:   11100000100101100101
judge:   11100000100101100101
judge:   11100000100101100101
judge:   11100000100101100101
judge: !Flipped
judge:   00011111011010011010
judge:   00011111011010011010
judge:   00011111011010011010
judge:   00011111011010011010
judge:   00011111011010011010
judge:   00011111011010011010
judge:   00011111011010011010
judge:   00011111011010011010
judge:   00011111011010011010
judge:   00011111011010011010
judge: !Flipped
judge:   11100000100101100101
judge:   11100000100101100101
judge:   11100000100101100101
judge:  receive: 11100000100101100101
judge:  answer:  11100000100101100101
judge: !CORRECT
judge:   00000001111101000111
judge: !Reversed
judge:   11100010111110000000
judge:   11100010111110000000
judge:   11100010111110000000
judge:   11100010111110000000
judge:   11100010111110000000
judge:   11100010111110000000
judge:   11100010111110000000
judge:   11100010111110000000
judge:   11100010111110000000
judge:   11100010111110000000
judge: !Reversed
judge: !Flipped
judge:   11111110000010111000
judge:   11111110000010111000
judge:   11111110000010111000
judge:   11111110000010111000
judge:   11111110000010111000
judge:   11111110000010111000
judge:   11111110000010111000
judge:   11111110000010111000
judge:   11111110000010111000
judge:   11111110000010111000
judge: !Reversed
judge: !Flipped
judge:   11100010111110000000
judge:   11100010111110000000
judge:   11100010111110000000
judge:  receive: 11100010111110000000
judge:  answer:  11100010111110000000
judge: !CORRECT
judge:   00010100001111111111
judge: !Reversed
judge:   11111111110000101000
judge:   11111111110000101000
judge:   11111111110000101000
judge:   11111111110000101000
judge:   11111111110000101000
judge:   11111111110000101000
judge:   11111111110000101000
judge:   11111111110000101000
judge:   11111111110000101000
judge:   11111111110000101000
judge:   11111111110000101000
judge:   11111111110000101000
judge:   11111111110000101000
judge:   11111111110000101000
judge:   11111111110000101000
judge:   11111111110000101000
judge:   11111111110000101000
judge:   11111111110000101000
judge:   11111111110000101000
judge:   11111111110000101000
judge: !Reversed
judge: !Flipped
judge:   11101011110000000000
judge:   11101011110000000000
judge:   11101011110000000000
judge:  receive: 11101011110000000000
judge:  answer:  11101011110000000000
judge: !CORRECT
judge:   11111110000101111100
judge:   11111110000101111100
judge:   11111110000101111100
judge:   11111110000101111100
judge:   11111110000101111100
judge:   11111110000101111100
judge:   11111110000101111100
judge:   11111110000101111100
judge:   11111110000101111100
judge:   11111110000101111100
judge:   11111110000101111100
judge:   11111110000101111100
judge:   11111110000101111100
judge:   11111110000101111100
judge:   11111110000101111100
judge:   11111110000101111100
judge:   11111110000101111100
judge:   11111110000101111100
judge:   11111110000101111100
judge:   11111110000101111100
judge:   11111110000101111100
judge:   11111110000101111100
judge:   11111110000101111100
judge:   11111110000101111100
judge:  receive: 11111110000101111100
judge:  answer:  11111110000101111100
judge: !CORRECT
judge:   01100101100110001100
judge: !Flipped
judge:   10011010011001110011
judge:   10011010011001110011
judge:   10011010011001110011
judge:   10011010011001110011
judge:   10011010011001110011
judge:   10011010011001110011
judge:   10011010011001110011
judge:   10011010011001110011
judge:   10011010011001110011
judge:   10011010011001110011
judge:   10011010011001110011
judge:   10011010011001110011
judge:   10011010011001110011
judge:   10011010011001110011
judge:   10011010011001110011
judge:   10011010011001110011
judge:   10011010011001110011
judge:   10011010011001110011
judge:   10011010011001110011
judge:   10011010011001110011
judge: !Reversed
judge:   11001110011001011001
judge:   11001110011001011001
judge:   11001110011001011001
judge:  receive: 11001110011001011001
judge:  answer:  11001110011001011001
judge: !CORRECT
judge:   01001011111101100011
judge: !Reversed
judge: !Flipped
judge:   00111001000000101101
judge:   00111001000000101101
judge:   00111001000000101101
judge:   00111001000000101101
judge:   00111001000000101101
judge:   00111001000000101101
judge:   00111001000000101101
judge:   00111001000000101101
judge:   00111001000000101101
judge:   00111001000000101101
judge:   00111001000000101101
judge:   00111001000000101101
judge:   00111001000000101101
judge:   00111001000000101101
judge:   00111001000000101101
judge:   00111001000000101101
judge:   00111001000000101101
judge:   00111001000000101101
judge:   00111001000000101101
judge:   00111001000000101101
judge: !Flipped
judge:   11000110111111010010
judge:   11000110111111010010
judge:   11000110111111010010
judge:  receive: 11000110111111010010
judge:  answer:  11000110111111010010
judge: !CORRECT
judge:   11001111110111101101
judge: !Flipped
judge:   00110000001000010010
judge:   00110000001000010010
judge:   00110000001000010010
judge:   00110000001000010010
judge:   00110000001000010010
judge:   00110000001000010010
judge:   00110000001000010010
judge:   00110000001000010010
judge:   00110000001000010010
judge:   00110000001000010010
judge: !Reversed
judge:   01001000010000001100
judge:   01001000010000001100
judge:   01001000010000001100
judge:   01001000010000001100
judge:   01001000010000001100
judge:   01001000010000001100
judge:   01001000010000001100
judge:   01001000010000001100
judge:   01001000010000001100
judge:   01001000010000001100
judge:   01001000010000001100
judge:   01001000010000001100
judge:   01001000010000001100
judge:  receive: 01001000010000001100
judge:  answer:  01001000010000001100
judge: !CORRECT
judge:   11111111111111111111
judge: !Flipped
judge:   00000000000000000000
judge:   00000000000000000000
judge:   00000000000000000000
judge:   00000000000000000000
judge:   00000000000000000000
judge:   00000000000000000000
judge:   00000000000000000000
judge:   00000000000000000000
judge:   00000000000000000000
judge:   00000000000000000000
judge:   00000000000000000000
judge:   00000000000000000000
judge:   00000000000000000000
judge:   00000000000000000000
judge:   00000000000000000000
judge:   00000000000000000000
judge:   00000000000000000000
judge:   00000000000000000000
judge:   00000000000000000000
judge:   00000000000000000000
judge: !Reversed
judge: !Flipped
judge:   11111111111111111111
judge:   11111111111111111111
judge:   11111111111111111111
judge:  receive: 11111111111111111111
judge:  answer:  11111111111111111111
judge: !CORRECT
judge:   11110110010011011101
judge: !Reversed
judge:   10111011001001101111
judge:   10111011001001101111
judge:   10111011001001101111
judge:   10111011001001101111
judge:   10111011001001101111
judge:   10111011001001101111
judge:   10111011001001101111
judge:   10111011001001101111
judge:   10111011001001101111
judge:   10111011001001101111
judge: !Reversed
judge: !Flipped
judge:   00001001101100100010
judge:   00001001101100100010
judge:   00001001101100100010
judge:   00001001101100100010
judge:   00001001101100100010
judge:   00001001101100100010
judge:   00001001101100100010
judge:   00001001101100100010
judge:   00001001101100100010
judge:   00001001101100100010
judge: !Flipped
judge:   11110110010011011101
judge:   11110110010011011101
judge:   11110110010011011101
judge:  receive: 11110110010011011101
judge:  answer:  11110110010011011101
judge: !CORRECT
judge:   10010000010001111101
judge: !Reversed
judge:   10111110001000001001
judge:   10111110001000001001
judge:   10111110001000001001
judge:   10111110001000001001
judge:   10111110001000001001
judge:   10111110001000001001
judge:   10111110001000001001
judge:   10111110001000001001
judge:   10111110001000001001
judge:   10111110001000001001
judge: !Reversed
judge:   10010000010001111101
judge:   10010000010001111101
judge:   10010000010001111101
judge:   10010000010001111101
judge:   10010000010001111101
judge:   10010000010001111101
judge:   10010000010001111101
judge:   10010000010001111101
judge:   10010000010001111101
judge:   10010000010001111101
judge:   10010000010001111101
judge:   10010000010001111101
judge:   10010000010001111101
judge:  receive: 10010000010001111101
judge:  answer:  10010000010001111101
judge: !CORRECT
judge:   10100100010011000110
judge: !Reversed
judge:   01100011001000100101
judge:   01100011001000100101
judge:   01100011001000100101
judge:   01100011001000100101
judge:   01100011001000100101
judge:   01100011001000100101
judge:   01100011001000100101
judge:   01100011001000100101
judge:   01100011001000100101
judge:   01100011001000100101
judge: !Flipped
judge:   10011100110111011010
judge:   10011100110111011010
judge:   10011100110111011010
judge:   10011100110111011010
judge:   10011100110111011010
judge:   10011100110111011010
judge:   10011100110111011010
judge:   10011100110111011010
judge:   10011100110111011010
judge:   10011100110111011010
judge: !Flipped
judge:   01100011001000100101
judge:   01100011001000100101
judge:   01100011001000100101
judge:  receive: 01100011001000100101
judge:  answer:  01100011001000100101
judge: !CORRECT
judge:   01111001110001001001
judge: !Reversed
judge: !Flipped
judge:   01101101110001100001
judge:   01101101110001100001
judge:   01101101110001100001
judge:   01101101110001100001
judge:   01101101110001100001
judge:   01101101110001100001
judge:   01101101110001100001
judge:   01101101110001100001
judge:   01101101110001100001
judge:   01101101110001100001
judge:   01101101110001100001
judge:   01101101110001100001
judge:   01101101110001100001
judge:   01101101110001100001
judge:   01101101110001100001
judge:   01101101110001100001
judge:   01101101110001100001
judge:   01101101110001100001
judge:   01101101110001100001
judge:   01101101110001100001
judge: !Reversed
judge:   10000110001110110110
judge:   10000110001110110110
judge:   10000110001110110110
judge:  receive: 10000110001110110110
judge:  answer:  10000110001110110110
judge: !CORRECT
judge:   01101001010110010011
judge: !Flipped
judge:   10010110101001101100
judge:   10010110101001101100
judge:   10010110101001101100
judge:   10010110101001101100
judge:   10010110101001101100
judge:   10010110101001101100
judge:   10010110101001101100
judge:   10010110101001101100
judge:   10010110101001101100
judge:   10010110101001101100
judge:   10010110101001101100
judge:   10010110101001101100
judge:   10010110101001101100
judge:   10010110101001101100
judge:   10010110101001101100
judge:   10010110101001101100
judge:   10010110101001101100
judge:   10010110101001101100
judge:   10010110101001101100
judge:   10010110101001101100
judge:   10010110101001101100
judge:   10010110101001101100
judge:   10010110101001101100
judge:  receive: 10010110101001101100
judge:  answer:  10010110101001101100
judge: !CORRECT
judge:   11001011011101100001
judge:   11001011011101100001
judge:   11001011011101100001
judge:   11001011011101100001
judge:   11001011011101100001
judge:   11001011011101100001
judge:   11001011011101100001
judge:   11001011011101100001
judge:   11001011011101100001
judge:   11001011011101100001
judge:   11001011011101100001
judge: !Reversed
judge: !Flipped
judge:   01111001000100101100
judge:   01111001000100101100
judge:   01111001000100101100
judge:   01111001000100101100
judge:   01111001000100101100
judge:   01111001000100101100
judge:   01111001000100101100
judge:   01111001000100101100
judge:   01111001000100101100
judge:   01111001000100101100
judge: !Reversed
judge: !Flipped
judge:   11001011011101100001
judge:   11001011011101100001
judge:   11001011011101100001
judge:  receive: 11001011011101100001
judge:  answer:  11001011011101100001
judge: !CORRECT
judge:   10001011101010111001
judge: !Flipped
judge:   01110100010101000110
judge:   01110100010101000110
judge:   01110100010101000110
judge:   01110100010101000110
judge:   01110100010101000110
judge:   01110100010101000110
judge:   01110100010101000110
judge:   01110100010101000110
judge:   01110100010101000110
judge:   01110100010101000110
judge: !Reversed
judge:   01100010101000101110
judge:   01100010101000101110
judge:   01100010101000101110
judge:   01100010101000101110
judge:   01100010101000101110
judge:   01100010101000101110
judge:   01100010101000101110
judge:   01100010101000101110
judge:   01100010101000101110
judge:   01100010101000101110
judge: !Reversed
judge: !Flipped
judge:   10001011101010111001
judge:   10001011101010111001
judge:   10001011101010111001
judge:  receive: 10001011101010111001
judge:  answer:  10001011101010111001
judge: !CORRECT
judge:   10000010000000101111
judge: !Reversed
judge: !Flipped
judge:   00001011111110111110
judge:   00001011111110111110
judge:   00001011111110111110
judge:   00001011111110111110
judge:   00001011111110111110
judge:   00001011111110111110
judge:   00001011111110111110
judge:   00001011111110111110
judge:   00001011111110111110
judge:   00001011111110111110
judge: !Reversed
judge: !Flipped
judge:   10000010000000101111
judge:   10000010000000101111
judge:   10000010000000101111
judge:   10000010000000101111
judge:   10000010000000101111
judge:   10000010000000101111
judge:   10000010000000101111
judge:   10000010000000101111
judge:   10000010000000101111
judge:   10000010000000101111
judge: !Reversed
judge:   11110100000001000001
judge:   11110100000001000001
judge:   11110100000001000001
judge:  receive: 11110100000001000001
judge:  answer:  11110100000001000001
judge: !CORRECT
judge:   11111010011101010111
judge:   11111010011101010111
judge:   11111010011101010111
judge:   11111010011101010111
judge:   11111010011101010111
judge:   11111010011101010111
judge:   11111010011101010111
judge:   11111010011101010111
judge:   11111010011101010111
judge:   11111010011101010111
judge:   11111010011101010111
judge: !Reversed
judge:   11101010111001011111
judge:   11101010111001011111
judge:   11101010111001011111
judge:   11101010111001011111
judge:   11101010111001011111
judge:   11101010111001011111
judge:   11101010111001011111
judge:   11101010111001011111
judge:   11101010111001011111
judge:   11101010111001011111
judge:   11101010111001011111
judge:   11101010111001011111
judge:   11101010111001011111
judge:  receive: 11101010111001011111
judge:  answer:  11101010111001011111
judge: !CORRECT
judge:   11110100011000000110
judge:   11110100011000000110
judge:   11110100011000000110
judge:   11110100011000000110
judge:   11110100011000000110
judge:   11110100011000000110
judge:   11110100011000000110
judge:   11110100011000000110
judge:   11110100011000000110
judge:   11110100011000000110
judge:   11110100011000000110
judge: !Reversed
judge: !Flipped
judge:   10011111100111010000
judge:   10011111100111010000
judge:   10011111100111010000
judge:   10011111100111010000
judge:   10011111100111010000
judge:   10011111100111010000
judge:   10011111100111010000
judge:   10011111100111010000
judge:   10011111100111010000
judge:   10011111100111010000
judge: !Reversed
judge:   00001011100111111001
judge:   00001011100111111001
judge:   00001011100111111001
judge:  receive: 00001011100111111001
judge:  answer:  00001011100111111001
judge: !CORRECT
judge:   01010001011001101111
judge: !Flipped
judge:   10101110100110010000
judge:   10101110100110010000
judge:   10101110100110010000
judge:   10101110100110010000
judge:   10101110100110010000
judge:   10101110100110010000
judge:   10101110100110010000
judge:   10101110100110010000
judge:   10101110100110010000
judge:   10101110100110010000
judge: !Reversed
judge: !Flipped
judge:   11110110011010001010
judge:   11110110011010001010
judge:   11110110011010001010
judge:   11110110011010001010
judge:   11110110011010001010
judge:   11110110011010001010
judge:   11110110011010001010
judge:   11110110011010001010
judge:   11110110011010001010
judge:   11110110011010001010
judge: !Reversed
judge:   01010001011001101111
judge:   01010001011001101111
judge:   01010001011001101111
judge:  receive: 01010001011001101111
judge:  answer:  01010001011001101111
judge: !CORRECT
judge:   11111111011000010001
judge: !Flipped
judge:   00000000100111101110
judge:   00000000100111101110
judge:   00000000100111101110
judge:   00000000100111101110
judge:   00000000100111101110
judge:   00000000100111101110
judge:   00000000100111101110
judge:   00000000100111101110
judge:   00000000100111101110
judge:   00000000100111101110
judge: !Reversed
judge: !Flipped
judge:   10001000011011111111
judge:   10001000011011111111
judge:   10001000011011111111
judge:   10001000011011111111
judge:   10001000011011111111
judge:   10001000011011111111
judge:   10001000011011111111
judge:   10001000011011111111
judge:   10001000011011111111
judge:   10001000011011111111
judge: !Flipped
judge:   01110111100100000000
judge:   01110111100100000000
judge:   01110111100100000000
judge:  receive: 01110111100100000000
judge:  answer:  01110111100100000000
judge: !CORRECT
judge:   00110101110110111101
judge: !Reversed
judge:   10111101101110101100
judge:   10111101101110101100
judge:   10111101101110101100
judge:   10111101101110101100
judge:   10111101101110101100
judge:   10111101101110101100
judge:   10111101101110101100
judge:   10111101101110101100
judge:   10111101101110101100
judge:   10111101101110101100
judge:   10111101101110101100
judge:   10111101101110101100
judge:   10111101101110101100
judge:   10111101101110101100
judge:   10111101101110101100
judge:   10111101101110101100
judge:   10111101101110101100
judge:   10111101101110101100
judge:   10111101101110101100
judge:   10111101101110101100
judge: !Reversed
judge:   00110101110110111101
judge:   00110101110110111101
judge:   00110101110110111101
judge:  receive: 00110101110110111101
judge:  answer:  00110101110110111101
judge: !CORRECT
judge:   00110110010001001011
judge: !Reversed
judge: !Flipped
judge:   00101101110110010011
judge:   00101101110110010011
judge:   00101101110110010011
judge:   00101101110110010011
judge:   00101101110110010011
judge:   00101101110110010011
judge:   00101101110110010011
judge:   00101101110110010011
judge:   00101101110110010011
judge:   00101101110110010011
judge: !Flipped
judge:   11010010001001101100
judge:   11010010001001101100
judge:   11010010001001101100
judge:   11010010001001101100
judge:   11010010001001101100
judge:   11010010001001101100
judge:   11010010001001101100
judge:   11010010001001101100
judge:   11010010001001101100
judge:   11010010001001101100
judge: !Reversed
judge:   00110110010001001011
judge:   00110110010001001011
judge:   00110110010001001011
judge:  receive: 00110110010001001011
judge:  answer:  00110110010001001011
judge: !CORRECT
judge:   10110000010111110010
judge: !Reversed
judge:   01001111101000001101
judge:   01001111101000001101
judge:   01001111101000001101
judge:   01001111101000001101
judge:   01001111101000001101
judge:   01001111101000001101
judge:   01001111101000001101
judge:   01001111101000001101
judge:   01001111101000001101
judge:   01001111101000001101
judge: !Reversed
judge: !Flipped
judge:   01001111101000001101
judge:   01001111101000001101
judge:   01001111101000001101
judge:   01001111101000001101
judge:   01001111101000001101
judge:   01001111101000001101
judge:   01001111101000001101
judge:   01001111101000001101
judge:   01001111101000001101
judge:   01001111101000001101
judge: !Flipped
judge:   10110000010111110010
judge:   10110000010111110010
judge:   10110000010111110010
judge:  receive: 10110000010111110010
judge:  answer:  10110000010111110010
judge: !CORRECT
judge:   10011111001100111111
judge: !Reversed
judge:   11111100110011111001
judge:   11111100110011111001
judge:   11111100110011111001
judge:   11111100110011111001
judge:   11111100110011111001
judge:   11111100110011111001
judge:   11111100110011111001
judge:   11111100110011111001
judge:   11111100110011111001
judge:   11111100110011111001
judge:   11111100110011111001
judge:   11111100110011111001
judge:   11111100110011111001
judge:   11111100110011111001
judge:   11111100110011111001
judge:   11111100110011111001
judge:   11111100110011111001
judge:   11111100110011111001
judge:   11111100110011111001
judge:   11111100110011111001
judge: !Reversed
judge: !Flipped
judge:   01100000110011000000
judge:   01100000110011000000
judge:   01100000110011000000
judge:  receive: 01100000110011000000
judge:  answer:  01100000110011000000
judge: !CORRECT
judge:   10101011001000110110
judge: !Reversed
judge:   01101100010011010101
judge:   01101100010011010101
judge:   01101100010011010101
judge:   01101100010011010101
judge:   01101100010011010101
judge:   01101100010011010101
judge:   01101100010011010101
judge:   01101100010011010101
judge:   01101100010011010101
judge:   01101100010011010101
judge: !Reversed
judge:   10101011001000110110
judge:   10101011001000110110
judge:   10101011001000110110
judge:   10101011001000110110
judge:   10101011001000110110
judge:   10101011001000110110
judge:   10101011001000110110
judge:   10101011001000110110
judge:   10101011001000110110
judge:   10101011001000110110
judge: !Reversed
judge:   01101100010011010101
judge:   01101100010011010101
judge:   01101100010011010101
judge:  receive: 01101100010011010101
judge:  answer:  01101100010011010101
judge: !CORRECT
judge:   11110011110000000101
judge: !Reversed
judge: !Flipped
judge:   01011111110000110000
judge:   01011111110000110000
judge:   01011111110000110000
judge:   01011111110000110000
judge:   01011111110000110000
judge:   01011111110000110000
judge:   01011111110000110000
judge:   01011111110000110000
judge:   01011111110000110000
judge:   01011111110000110000
judge:   01011111110000110000
judge:   01011111110000110000
judge:   01011111110000110000
judge:   01011111110000110000
judge:   01011111110000110000
judge:   01011111110000110000
judge:   01011111110000110000
judge:   01011111110000110000
judge:   01011111110000110000
judge:   01011111110000110000
judge:   01011111110000110000
judge:   01011111110000110000
judge:   01011111110000110000
judge:  receive: 01011111110000110000
judge:  answer:  01011111110000110000
judge: !CORRECT
judge:   11011101110000010000
judge: !Reversed
judge: !Flipped
judge:   11110111110001000100
judge:   11110111110001000100
judge:   11110111110001000100
judge:   11110111110001000100
judge:   11110111110001000100
judge:   11110111110001000100
judge:   11110111110001000100
judge:   11110111110001000100
judge:   11110111110001000100
judge:   11110111110001000100
judge: !Reversed
judge: !Flipped
judge:   11011101110000010000
judge:   11011101110000010000
judge:   11011101110000010000
judge:   11011101110000010000
judge:   11011101110000010000
judge:   11011101110000010000
judge:   11011101110000010000
judge:   11011101110000010000
judge:   11011101110000010000
judge:   11011101110000010000
judge:   11011101110000010000
judge:   11011101110000010000
judge:   11011101110000010000
judge:  receive: 11011101110000010000
judge:  answer:  11011101110000010000
judge: !CORRECT
judge:   00010000110000000011
judge: !Reversed
judge: !Flipped
judge:   00111111110011110111
judge:   00111111110011110111
judge:   00111111110011110111
judge:   00111111110011110111
judge:   00111111110011110111
judge:   00111111110011110111
judge:   00111111110011110111
judge:   00111111110011110111
judge:   00111111110011110111
judge:   00111111110011110111
judge: !Reversed
judge: !Flipped
judge:   00010000110000000011
judge:   00010000110000000011
judge:   00010000110000000011
judge:   00010000110000000011
judge:   00010000110000000011
judge:   00010000110000000011
judge:   00010000110000000011
judge:   00010000110000000011
judge:   00010000110000000011
judge:   00010000110000000011
judge: !Reversed
judge:   11000000001100001000
judge:   11000000001100001000
judge:   11000000001100001000
judge:  receive: 11000000001100001000
judge:  answer:  11000000001100001000
judge: !CORRECT
judge:   10100000011011110011
judge: !Reversed
judge:   11001111011000000101
judge:   11001111011000000101
judge:   11001111011000000101
judge:   11001111011000000101
judge:   11001111011000000101
judge:   11001111011000000101
judge:   11001111011000000101
judge:   11001111011000000101
judge:   11001111011000000101
judge:   11001111011000000101
judge: !Reversed
judge:   10100000011011110011
judge:   10100000011011110011
judge:   10100000011011110011
judge:   10100000011011110011
judge:   10100000011011110011
judge:   10100000011011110011
judge:   10100000011011110011
judge:   10100000011011110011
judge:   10100000011011110011
judge:   10100000011011110011
judge: !Reversed
judge:   11001111011000000101
judge:   11001111011000000101
judge:   11001111011000000101
judge:  receive: 11001111011000000101
judge:  answer:  11001111011000000101
judge: !CORRECT
judge:   00011001011011111000
judge:   00011001011011111000
judge:   00011001011011111000
judge:   00011001011011111000
judge:   00011001011011111000
judge:   00011001011011111000
judge:   00011001011011111000
judge:   00011001011011111000
judge:   00011001011011111000
judge:   00011001011011111000
judge:   00011001011011111000
judge: !Reversed
judge: !Flipped
judge:   11100000100101100111
judge:   11100000100101100111
judge:   11100000100101100111
judge:   11100000100101100111
judge:   11100000100101100111
judge:   11100000100101100111
judge:   11100000100101100111
judge:   11100000100101100111
judge:   11100000100101100111
judge:   11100000100101100111
judge: !Reversed
judge: !Flipped
judge:   00011001011011111000
judge:   00011001011011111000
judge:   00011001011011111000
judge:  receive: 00011001011011111000
judge:  answer:  00011001011011111000
judge: !CORRECT
judge:   10010010000111110001
judge: !Flipped
judge:   01101101111000001110
judge:   01101101111000001110
judge:   01101101111000001110
judge:   01101101111000001110
judge:   01101101111000001110
judge:   01101101111000001110
judge:   01101101111000001110
judge:   01101101111000001110
judge:   01101101111000001110
judge:   01101101111000001110
judge: !Flipped
judge:   10010010000111110001
judge:   10010010000111110001
judge:   10010010000111110001
judge:   10010010000111110001
judge:   10010010000111110001
judge:   10010010000111110001
judge:   10010010000111110001
judge:   10010010000111110001
judge:   10010010000111110001
judge:   10010010000111110001
judge:   10010010000111110001
judge:   10010010000111110001
judge:   10010010000111110001
judge:  receive: 10010010000111110001
judge:  answer:  10010010000111110001
judge: !CORRECT
judge:   01010100100101010011
judge: !Reversed
judge:   11001010100100101010
judge:   11001010100100101010
judge:   11001010100100101010
judge:   11001010100100101010
judge:   11001010100100101010
judge:   11001010100100101010
judge:   11001010100100101010
judge:   11001010100100101010
judge:   11001010100100101010
judge:   11001010100100101010
judge: !Flipped
judge:   00110101011011010101
judge:   00110101011011010101
judge:   00110101011011010101
judge:   00110101011011010101
judge:   00110101011011010101
judge:   00110101011011010101
judge:   00110101011011010101
judge:   00110101011011010101
judge:   00110101011011010101
judge:   00110101011011010101
judge:   00110101011011010101
judge:   00110101011011010101
judge:   00110101011011010101
judge:  receive: 00110101011011010101
judge:  answer:  00110101011011010101
judge: !CORRECT
judge:   11011100100001100100
judge: !Flipped
judge:   00100011011110011011
judge:   00100011011110011011
judge:   00100011011110011011
judge:   00100011011110011011
judge:   00100011011110011011
judge:   00100011011110011011
judge:   00100011011110011011
judge:   00100011011110011011
judge:   00100011011110011011
judge:   00100011011110011011
judge: !Reversed
judge:   11011001111011000100
judge:   11011001111011000100
judge:   11011001111011000100
judge:   11011001111011000100
judge:   11011001111011000100
judge:   11011001111011000100
judge:   11011001111011000100
judge:   11011001111011000100
judge:   11011001111011000100
judge:   11011001111011000100
judge: !Flipped
judge:   00100110000100111011
judge:   00100110000100111011
judge:   00100110000100111011
judge:  receive: 00100110000100111011
judge:  answer:  00100110000100111011
judge: !CORRECT
judge:   00001100011001011100
judge: !Flipped
judge:   11110011100110100011
judge:   11110011100110100011
judge:   11110011100110100011
judge:   11110011100110100011
judge:   11110011100110100011
judge:   11110011100110100011
judge:   11110011100110100011
judge:   11110011100110100011
judge:   11110011100110100011
judge:   11110011100110100011
judge: !Reversed
judge:   11000101100111001111
judge:   11000101100111001111
judge:   11000101100111001111
judge:   11000101100111001111
judge:   11000101100111001111
judge:   11000101100111001111
judge:   11000101100111001111
judge:   11000101100111001111
judge:   11000101100111001111
judge:   11000101100111001111
judge: !Flipped
judge:   00111010011000110000
judge:   00111010011000110000
judge:   00111010011000110000
judge:  receive: 00111010011000110000
judge:  answer:  00111010011000110000
judge: !CORRECT
judge:   00101110001000000111
judge: !Reversed
judge:   11100000010001110100
judge:   11100000010001110100
judge:   11100000010001110100
judge:   11100000010001110100
judge:   11100000010001110100
judge:   11100000010001110100
judge:   11100000010001110100
judge:   11100000010001110100
judge:   11100000010001110100
judge:   11100000010001110100
judge: !Reversed
judge: !Flipped
judge:   11010001110111111000
judge:   11010001110111111000
judge:   11010001110111111000
judge:   11010001110111111000
judge:   11010001110111111000
judge:   11010001110111111000
judge:   11010001110111111000
judge:   11010001110111111000
judge:   11010001110111111000
judge:   11010001110111111000
judge:   11010001110111111000
judge:   11010001110111111000
judge:   11010001110111111000
judge:  receive: 11010001110111111000
judge:  answer:  11010001110111111000
judge: !CORRECT
judge:   10110101001001111000
judge: !Reversed
judge:   00011110010010101101
judge:   00011110010010101101
judge:   00011110010010101101
judge:   00011110010010101101
judge:   00011110010010101101
judge:   00011110010010101101
judge:   00011110010010101101
judge:   00011110010010101101
judge:   00011110010010101101
judge:   00011110010010101101
judge:   00011110010010101101
judge:   00011110010010101101
judge:   00011110010010101101
judge:   00011110010010101101
judge:   00011110010010101101
judge:   00011110010010101101
judge:   00011110010010101101
judge:   00011110010010101101
judge:   00011110010010101101
judge:   00011110010010101101
judge: !Flipped
judge:   11100001101101010010
judge:   11100001101101010010
judge:   11100001101101010010
judge:  receive: 11100001101101010010
judge:  answer:  11100001101101010010
judge: !CORRECT
judge:   10000001010111000001
judge:   10000001010111000001
judge:   10000001010111000001
judge:   10000001010111000001
judge:   10000001010111000001
judge:   10000001010111000001
judge:   10000001010111000001
judge:   10000001010111000001
judge:   10000001010111000001
judge:   10000001010111000001
judge:   10000001010111000001
judge:   10000001010111000001
judge:   10000001010111000001
judge:   10000001010111000001
judge:   10000001010111000001
judge:   10000001010111000001
judge:   10000001010111000001
judge:   10000001010111000001
judge:   10000001010111000001
judge:   10000001010111000001
judge:   10000001010111000001
judge: !Reversed
judge:   10000011101010000001
judge:   10000011101010000001
judge:   10000011101010000001
judge:  receive: 10000011101010000001
judge:  answer:  10000011101010000001
judge: !CORRECT
judge:   01110000001100110110
judge: !Flipped
judge:   10001111110011001001
judge:   10001111110011001001
judge:   10001111110011001001
judge:   10001111110011001001
judge:   10001111110011001001
judge:   10001111110011001001
judge:   10001111110011001001
judge:   10001111110011001001
judge:   10001111110011001001
judge:   10001111110011001001
judge: !Reversed
judge: !Flipped
judge:   01101100110000001110
judge:   01101100110000001110
judge:   01101100110000001110
judge:   01101100110000001110
judge:   01101100110000001110
judge:   01101100110000001110
judge:   01101100110000001110
judge:   01101100110000001110
judge:   01101100110000001110
judge:   01101100110000001110
judge: !Reversed
judge:   01110000001100110110
judge:   01110000001100110110
judge:   01110000001100110110
judge:  receive: 01110000001100110110
judge:  answer:  01110000001100110110
judge: !CORRECT
judge:   01110000100111110001
judge: !Reversed
judge: !Flipped
judge:   01110000011011110001
judge:   01110000011011110001
judge:   01110000011011110001
judge:   01110000011011110001
judge:   01110000011011110001
judge:   01110000011011110001
judge:   01110000011011110001
judge:   01110000011011110001
judge:   01110000011011110001
judge:   01110000011011110001
judge: !Reversed
judge: !Flipped
judge:   01110000100111110001
judge:   01110000100111110001
judge:   01110000100111110001
judge:   01110000100111110001
judge:   01110000100111110001
judge:   01110000100111110001
judge:   01110000100111110001
judge:   01110000100111110001
judge:   01110000100111110001
judge:   01110000100111110001
judge: !Reversed
judge:   10001111100100001110
judge:   10001111100100001110
judge:   10001111100100001110
judge:  receive: 10001111100100001110
judge:  answer:  10001111100100001110
judge: !CORRECT
judge:   00000001011010110001
judge: !Reversed
judge: !Flipped
judge:   01110010100101111111
judge:   01110010100101111111
judge:   01110010100101111111
judge:   01110010100101111111
judge:   01110010100101111111
judge:   01110010100101111111
judge:   01110010100101111111
judge:   01110010100101111111
judge:   01110010100101111111
judge:   01110010100101111111
judge: !Flipped
judge:   10001101011010000000
judge:   10001101011010000000
judge:   10001101011010000000
judge:   10001101011010000000
judge:   10001101011010000000
judge:   10001101011010000000
judge:   10001101011010000000
judge:   10001101011010000000
judge:   10001101011010000000
judge:   10001101011010000000
judge: !Flipped
judge:   01110010100101111111
judge:   01110010100101111111
judge:   01110010100101111111
judge:  receive: 01110010100101111111
judge:  answer:  01110010100101111111
judge: !CORRECT
judge:   11110010100000110001
judge: !Flipped
judge:   00001101011111001110
judge:   00001101011111001110
judge:   00001101011111001110
judge:   00001101011111001110
judge:   00001101011111001110
judge:   00001101011111001110
judge:   00001101011111001110
judge:   00001101011111001110
judge:   00001101011111001110
judge:   00001101011111001110
judge: !Reversed
judge: !Flipped
judge:   10001100000101001111
judge:   10001100000101001111
judge:   10001100000101001111
judge:   10001100000101001111
judge:   10001100000101001111
judge:   10001100000101001111
judge:   10001100000101001111
judge:   10001100000101001111
judge:   10001100000101001111
judge:   10001100000101001111
judge: !Flipped
judge:   01110011111010110000
judge:   01110011111010110000
judge:   01110011111010110000
judge:  receive: 01110011111010110000
judge:  answer:  01110011111010110000
judge: !CORRECT
judge:   10000010010100011000
judge: !Reversed
judge: !Flipped
judge:   11100111010110111110
judge:   11100111010110111110
judge:   11100111010110111110
judge:   11100111010110111110
judge:   11100111010110111110
judge:   11100111010110111110
judge:   11100111010110111110
judge:   11100111010110111110
judge:   11100111010110111110
judge:   11100111010110111110
judge: !Reversed
judge:   01111101101011100111
judge:   01111101101011100111
judge:   01111101101011100111
judge:   01111101101011100111
judge:   01111101101011100111
judge:   01111101101011100111
judge:   01111101101011100111
judge:   01111101101011100111
judge:   01111101101011100111
judge:   01111101101011100111
judge: !Reversed
judge: !Flipped
judge:   00011000101001000001
judge:   00011000101001000001
judge:   00011000101001000001
judge:  receive: 00011000101001000001
judge:  answer:  00011000101001000001
judge: !CORRECT
judge:   01000100001011001111
judge: !Flipped
judge:   10111011110100110000
judge:   10111011110100110000
judge:   10111011110100110000
judge:   10111011110100110000
judge:   10111011110100110000
judge:   10111011110100110000
judge:   10111011110100110000
judge:   10111011110100110000
judge:   10111011110100110000
judge:   10111011110100110000
judge:   10111011110100110000
judge:   10111011110100110000
judge:   10111011110100110000
judge:   10111011110100110000
judge:   10111011110100110000
judge:   10111011110100110000
judge:   10111011110100110000
judge:   10111011110100110000
judge:   10111011110100110000
judge:   10111011110100110000
judge: !Flipped
judge:   01000100001011001111
judge:   01000100001011001111
judge:   01000100001011001111
judge:  receive: 01000100001011001111
judge:  answer:  01000100001011001111
judge: !CORRECT
judge:   00111001001000100101
judge:   00111001001000100101
judge:   00111001001000100101
judge:   00111001001000100101
judge:   00111001001000100101
judge:   00111001001000100101
judge:   00111001001000100101
judge:   00111001001000100101
judge:   00111001001000100101
judge:   00111001001000100101
judge:   00111001001000100101
judge: !Reversed
judge: !Flipped
judge:   01011011101101100011
judge:   01011011101101100011
judge:   01011011101101100011
judge:   01011011101101100011
judge:   01011011101101100011
judge:   01011011101101100011
judge:   01011011101101100011
judge:   01011011101101100011
judge:   01011011101101100011
judge:   01011011101101100011
judge: !Reversed
judge: !Flipped
judge:   00111001001000100101
judge:   00111001001000100101
judge:   00111001001000100101
judge:  receive: 00111001001000100101
judge:  answer:  00111001001000100101
judge: !CORRECT
judge:   00000110111011001111
judge: !Reversed
judge:   11110011011101100000
judge:   11110011011101100000
judge:   11110011011101100000
judge:   11110011011101100000
judge:   11110011011101100000
judge:   11110011011101100000
judge:   11110011011101100000
judge:   11110011011101100000
judge:   11110011011101100000
judge:   11110011011101100000
judge:   11110011011101100000
judge:   11110011011101100000
judge:   11110011011101100000
judge:   11110011011101100000
judge:   11110011011101100000
judge:   11110011011101100000
judge:   11110011011101100000
judge:   11110011011101100000
judge:   11110011011101100000
judge:   11110011011101100000
judge: !Reversed
judge: !Flipped
judge:   11111001000100110000
judge:   11111001000100110000
judge:   11111001000100110000
judge:  receive: 11111001000100110000
judge:  answer:  11111001000100110000
judge: !CORRECT
judge:   00010111101101001011
judge: !Flipped
judge:   11101000010010110100
judge:   11101000010010110100
judge:   11101000010010110100
judge:   11101000010010110100
judge:   11101000010010110100
judge:   11101000010010110100
judge:   11101000010010110100
judge:   11101000010010110100
judge:   11101000010010110100
judge:   11101000010010110100
judge: !Flipped
judge:   00010111101101001011
judge:   00010111101101001011
judge:   00010111101101001011
judge:   00010111101101001011
judge:   00010111101101001011
judge:   00010111101101001011
judge:   00010111101101001011
judge:   00010111101101001011
judge:   00010111101101001011
judge:   00010111101101001011
judge:   00010111101101001011
judge:   00010111101101001011
judge:   00010111101101001011
judge:  receive: 00010111101101001011
judge:  answer:  00010111101101001011
judge: !CORRECT
judge:   00101111111111100010
judge: !Reversed
judge:   01000111111111110100
judge:   01000111111111110100
judge:   01000111111111110100
judge:   01000111111111110100
judge:   01000111111111110100
judge:   01000111111111110100
judge:   01000111111111110100
judge:   01000111111111110100
judge:   01000111111111110100
judge:   01000111111111110100
judge: !Reversed
judge:   00101111111111100010
judge:   00101111111111100010
judge:   00101111111111100010
judge:   00101111111111100010
judge:   00101111111111100010
judge:   00101111111111100010
judge:   00101111111111100010
judge:   00101111111111100010
judge:   00101111111111100010
judge:   00101111111111100010
judge: !Flipped
judge:   11010000000000011101
judge:   11010000000000011101
judge:   11010000000000011101
judge:  receive: 11010000000000011101
judge:  answer:  11010000000000011101
judge: !CORRECT
judge:   10011110101000110000
judge: !Reversed
judge:   00001100010101111001
judge:   00001100010101111001
judge:   00001100010101111001
judge:   00001100010101111001
judge:   00001100010101111001
judge:   00001100010101111001
judge:   00001100010101111001
judge:   00001100010101111001
judge:   00001100010101111001
judge:   00001100010101111001
judge:   00001100010101111001
judge:   00001100010101111001
judge:   00001100010101111001
judge:   00001100010101111001
judge:   00001100010101111001
judge:   00001100010101111001
judge:   00001100010101111001
judge:   00001100010101111001
judge:   00001100010101111001
judge:   00001100010101111001
judge:   00001100010101111001
judge:   00001100010101111001
judge:   00001100010101111001
judge:  receive: 00001100010101111001
judge:  answer:  00001100010101111001
judge: !CORRECT
judge:   00111100100011000001
judge: !Reversed
judge:   10000011000100111100
judge:   10000011000100111100
judge:   10000011000100111100
judge:   10000011000100111100
judge:   10000011000100111100
judge:   10000011000100111100
judge:   10000011000100111100
judge:   10000011000100111100
judge:   10000011000100111100
judge:   10000011000100111100
judge: !Reversed
judge: !Flipped
judge:   11000011011100111110
judge:   11000011011100111110
judge:   11000011011100111110
judge:   11000011011100111110
judge:   11000011011100111110
judge:   11000011011100111110
judge:   11000011011100111110
judge:   11000011011100111110
judge:   11000011011100111110
judge:   11000011011100111110
judge: !Flipped
judge:   00111100100011000001
judge:   00111100100011000001
judge:   00111100100011000001
judge:  receive: 00111100100011000001
judge:  answer:  00111100100011000001
judge: !CORRECT
judge:   10100100110110101011
judge: !Flipped
judge:   01011011001001010100
judge:   01011011001001010100
judge:   01011011001001010100
judge:   01011011001001010100
judge:   01011011001001010100
judge:   01011011001001010100
judge:   01011011001001010100
judge:   01011011001001010100
judge:   01011011001001010100
judge:   01011011001001010100
judge: !Reversed
judge:   00101010010011011010
judge:   00101010010011011010
judge:   00101010010011011010
judge:   00101010010011011010
judge:   00101010010011011010
judge:   00101010010011011010
judge:   00101010010011011010
judge:   00101010010011011010
judge:   00101010010011011010
judge:   00101010010011011010
judge: !Reversed
judge: !Flipped
judge:   10100100110110101011
judge:   10100100110110101011
judge:   10100100110110101011
judge:  receive: 10100100110110101011
judge:  answer:  10100100110110101011
judge: !CORRECT
judge:   11000110001001010011
judge: !Flipped
judge:   00111001110110101100
judge:   00111001110110101100
judge:   00111001110110101100
judge:   00111001110110101100
judge:   00111001110110101100
judge:   00111001110110101100
judge:   00111001110110101100
judge:   00111001110110101100
judge:   00111001110110101100
judge:   00111001110110101100
judge:   00111001110110101100
judge:   00111001110110101100
judge:   00111001110110101100
judge:   00111001110110101100
judge:   00111001110110101100
judge:   00111001110110101100
judge:   00111001110110101100
judge:   00111001110110101100
judge:   00111001110110101100
judge:   00111001110110101100
judge: !Flipped
judge:   11000110001001010011
judge:   11000110001001010011
judge:   11000110001001010011
judge:  receive: 11000110001001010011
judge:  answer:  11000110001001010011
judge: !CORRECT
judge:   10000110001011011110
judge: !Reversed
judge: !Flipped
judge:   10000100101110011110
judge:   10000100101110011110
judge:   10000100101110011110
judge:   10000100101110011110
judge:   10000100101110011110
judge:   10000100101110011110
judge:   10000100101110011110
judge:   10000100101110011110
judge:   10000100101110011110
judge:   10000100101110011110
judge:   10000100101110011110
judge:   10000100101110011110
judge:   10000100101110011110
judge:   10000100101110011110
judge:   10000100101110011110
judge:   10000100101110011110
judge:   10000100101110011110
judge:   10000100101110011110
judge:   10000100101110011110
judge:   10000100101110011110
judge: !Flipped
judge:   01111011010001100001
judge:   01111011010001100001
judge:   01111011010001100001
judge:  receive: 01111011010001100001
judge:  answer:  01111011010001100001
judge: !CORRECT
judge:   11001110101001111000
judge:   11001110101001111000
judge:   11001110101001111000
judge:   11001110101001111000
judge:   11001110101001111000
judge:   11001110101001111000
judge:   11001110101001111000
judge:   11001110101001111000
judge:   11001110101001111000
judge:   11001110101001111000
judge:   11001110101001111000
judge: !Reversed
judge: !Flipped
judge:   11100001101010001100
judge:   11100001101010001100
judge:   11100001101010001100
judge:   11100001101010001100
judge:   11100001101010001100
judge:   11100001101010001100
judge:   11100001101010001100
judge:   11100001101010001100
judge:   11100001101010001100
judge:   11100001101010001100
judge: !Reversed
judge: !Flipped
judge:   11001110101001111000
judge:   11001110101001111000
judge:   11001110101001111000
judge:  receive: 11001110101001111000
judge:  answer:  11001110101001111000
judge: !CORRECT
judge:   10100110111001011001
judge:   10100110111001011001
judge:   10100110111001011001
judge:   10100110111001011001
judge:   10100110111001011001
judge:   10100110111001011001
judge:   10100110111001011001
judge:   10100110111001011001
judge:   10100110111001011001
judge:   10100110111001011001
judge:   10100110111001011001
judge: !Reversed
judge:   10011010011101100101
judge:   10011010011101100101
judge:   10011010011101100101
judge:   10011010011101100101
judge:   10011010011101100101
judge:   10011010011101100101
judge:   10011010011101100101
judge:   10011010011101100101
judge:   10011010011101100101
judge:   10011010011101100101
judge: !Flipped
judge:   01100101100010011010
judge:   01100101100010011010
judge:   01100101100010011010
judge:  receive: 01100101100010011010
judge:  answer:  01100101100010011010
judge: !CORRECT
judge:   11110001010101001001
judge: !Flipped
judge:   00001110101010110110
judge:   00001110101010110110
judge:   00001110101010110110
judge:   00001110101010110110
judge:   00001110101010110110
judge:   00001110101010110110
judge:   00001110101010110110
judge:   00001110101010110110
judge:   00001110101010110110
judge:   00001110101010110110
judge: !Reversed
judge:   01101101010101110000
judge:   01101101010101110000
judge:   01101101010101110000
judge:   01101101010101110000
judge:   01101101010101110000
judge:   01101101010101110000
judge:   01101101010101110000
judge:   01101101010101110000
judge:   01101101010101110000
judge:   01101101010101110000
judge:   01101101010101110000
judge:   01101101010101110000
judge:   01101101010101110000
judge:  receive: 01101101010101110000
judge:  answer:  01101101010101110000
judge: !CORRECT
judge:   11100011110011000101
judge: !Reversed
judge: !Flipped
judge:   01011100110000111000
judge:   01011100110000111000
judge:   01011100110000111000
judge:   01011100110000111000
judge:   01011100110000111000
judge:   01011100110000111000
judge:   01011100110000111000
judge:   01011100110000111000
judge:   01011100110000111000
judge:   01011100110000111000
judge: !Reversed
judge: !Flipped
judge:   11100011110011000101
judge:   11100011110011000101
judge:   11100011110011000101
judge:   11100011110011000101
judge:   11100011110011000101
judge:   11100011110011000101
judge:   11100011110011000101
judge:   11100011110011000101
judge:   11100011110011000101
judge:   11100011110011000101
judge: !Flipped
judge:   00011100001100111010
judge:   00011100001100111010
judge:   00011100001100111010
judge:  receive: 00011100001100111010
judge:  answer:  00011100001100111010
judge: !CORRECT
judge:   00010010111011011100
judge:   00010010111011011100
judge:   00010010111011011100
judge:   00010010111011011100
judge:   00010010111011011100
judge:   00010010111011011100
judge:   00010010111011011100
judge:   00010010111011011100
judge:   00010010111011011100
judge:   00010010111011011100
judge:   00010010111011011100
judge: !Reversed
judge: !Flipped
judge:   11000100100010110111
judge:   11000100100010110111
judge:   11000100100010110111
judge:   11000100100010110111
judge:   11000100100010110111
judge:   11000100100010110111
judge:   11000100100010110111
judge:   11000100100010110111
judge:   11000100100010110111
judge:   11000100100010110111
judge: !Flipped
judge:   00111011011101001000
judge:   00111011011101001000
judge:   00111011011101001000
judge:  receive: 00111011011101001000
judge:  answer:  00111011011101001000
judge: !CORRECT
judge:   10110000110110011010
judge:   10110000110110011010
judge:   10110000110110011010
judge:   10110000110110011010
judge:   10110000110110011010
judge:   10110000110110011010
judge:   10110000110110011010
judge:   10110000110110011010
judge:   10110000110110011010
judge:   10110000110110011010
judge:   10110000110110011010
judge: !Reversed
judge: !Flipped
judge:   10100110010011110010
judge:   10100110010011110010
judge:   10100110010011110010
judge:   10100110010011110010
judge:   10100110010011110010
judge:   10100110010011110010
judge:   10100110010011110010
judge:   10100110010011110010
judge:   10100110010011110010
judge:   10100110010011110010
judge: !Reversed
judge: !Flipped
judge:   10110000110110011010
judge:   10110000110110011010
judge:   10110000110110011010
judge:  receive: 10110000110110011010
judge:  answer:  10110000110110011010
judge: !CORRECT
judge:   01101010011110001101
judge: !Flipped
judge:   10010101100001110010
judge:   10010101100001110010
judge:   10010101100001110010
judge:   10010101100001110010
judge:   10010101100001110010
judge:   10010101100001110010
judge:   10010101100001110010
judge:   10010101100001110010
judge:   10010101100001110010
judge:   10010101100001110010
judge: !Reversed
judge:   01001110000110101001
judge:   01001110000110101001
judge:   01001110000110101001
judge:   01001110000110101001
judge:   01001110000110101001
judge:   01001110000110101001
judge:   01001110000110101001
judge:   01001110000110101001
judge:   01001110000110101001
judge:   01001110000110101001
judge: !Reversed
judge: !Flipped
judge:   01101010011110001101
judge:   01101010011110001101
judge:   01101010011110001101
judge:  receive: 01101010011110001101
judge:  answer:  01101010011110001101
judge: !CORRECT
judge:   01111000100100111100
judge: !Flipped
judge:   10000111011011000011
judge:   10000111011011000011
judge:   10000111011011000011
judge:   10000111011011000011
judge:   10000111011011000011
judge:   10000111011011000011
judge:   10000111011011000011
judge:   10000111011011000011
judge:   10000111011011000011
judge:   10000111011011000011
judge: !Reversed
judge:   11000011011011100001
judge:   11000011011011100001
judge:   11000011011011100001
judge:   11000011011011100001
judge:   11000011011011100001
judge:   11000011011011100001
judge:   11000011011011100001
judge:   11000011011011100001
judge:   11000011011011100001
judge:   11000011011011100001
judge: !Reversed
judge:   10000111011011000011
judge:   10000111011011000011
judge:   10000111011011000011
judge:  receive: 10000111011011000011
judge:  answer:  10000111011011000011
judge: !CORRECT
judge:   00000010011000110100
judge:   00000010011000110100
judge:   00000010011000110100
judge:   00000010011000110100
judge:   00000010011000110100
judge:   00000010011000110100
judge:   00000010011000110100
judge:   00000010011000110100
judge:   00000010011000110100
judge:   00000010011000110100
judge:   00000010011000110100
judge: !Reversed
judge: !Flipped
judge:   11010011100110111111
judge:   11010011100110111111
judge:   11010011100110111111
judge:   11010011100110111111
judge:   11010011100110111111
judge:   11010011100110111111
judge:   11010011100110111111
judge:   11010011100110111111
judge:   11010011100110111111
judge:   11010011100110111111
judge: !Flipped
judge:   00101100011001000000
judge:   00101100011001000000
judge:   00101100011001000000
judge:  receive: 00101100011001000000
judge:  answer:  00101100011001000000
judge: !CORRECT
judge:   00000001011101000011
judge: !Reversed
judge:   11000010111010000000
judge:   11000010111010000000
judge:   11000010111010000000
judge:   11000010111010000000
judge:   11000010111010000000
judge:   11000010111010000000
judge:   11000010111010000000
judge:   11000010111010000000
judge:   11000010111010000000
judge:   11000010111010000000
judge:   11000010111010000000
judge:   11000010111010000000
judge:   11000010111010000000
judge:   11000010111010000000
judge:   11000010111010000000
judge:   11000010111010000000
judge:   11000010111010000000
judge:   11000010111010000000
judge:   11000010111010000000
judge:   11000010111010000000
judge: !Reversed
judge: !Flipped
judge:   11111110100010111100
judge:   11111110100010111100
judge:   11111110100010111100
judge:  receive: 11111110100010111100
judge:  answer:  11111110100010111100
judge: !CORRECT
judge:   00110001110101111001
judge: !Reversed
judge:   10011110101110001100
judge:   10011110101110001100
judge:   10011110101110001100
judge:   10011110101110001100
judge:   10011110101110001100
judge:   10011110101110001100
judge:   10011110101110001100
judge:   10011110101110001100
judge:   10011110101110001100
judge:   10011110101110001100
judge: !Reversed
judge:   00110001110101111001
judge:   00110001110101111001
judge:   00110001110101111001
judge:   00110001110101111001
judge:   00110001110101111001
judge:   00110001110101111001
judge:   00110001110101111001
judge:   00110001110101111001
judge:   00110001110101111001
judge:   00110001110101111001
judge: !Reversed
judge:   10011110101110001100
judge:   10011110101110001100
judge:   10011110101110001100
judge:  receive: 10011110101110001100
judge:  answer:  10011110101110001100
judge: !CORRECT
judge:   11011000100111111110
judge: !Flipped
judge:   00100111011000000001
judge:   00100111011000000001
judge:   00100111011000000001
judge:   00100111011000000001
judge:   00100111011000000001
judge:   00100111011000000001
judge:   00100111011000000001
judge:   00100111011000000001
judge:   00100111011000000001
judge:   00100111011000000001
judge:   00100111011000000001
judge:   00100111011000000001
judge:   00100111011000000001
judge:   00100111011000000001
judge:   00100111011000000001
judge:   00100111011000000001
judge:   00100111011000000001
judge:   00100111011000000001
judge:   00100111011000000001
judge:   00100111011000000001
judge:   00100111011000000001
judge:   00100111011000000001
judge:   00100111011000000001
judge:  receive: 00100111011000000001
judge:  answer:  00100111011000000001
judge: !CORRECT

Judge return code: 0
Solution return code: 0
