Case #1: 0 0
Case #2: 1 0
Case #3: 0 0
Case #4: 1 1
Case #5: 0 0
Case #6: 0 0
Case #7: 2 1
Case #8: 1 0
Case #9: 0 0
Case #10: 0 0
Case #11: 2 2
Case #12: 1 0
Case #13: 1 0
Case #14: 0 0
Case #15: 0 0
Case #16: 3 2
Case #17: 1 1
Case #18: 1 0
Case #19: 0 0
Case #20: 0 0
Case #21: 0 0
Case #22: 3 3
Case #23: 1 1
Case #24: 1 1
Case #25: 0 0
Case #26: 0 0
Case #27: 0 0
Case #28: 0 0
Case #29: 4 3
Case #30: 2 1
Case #31: 1 1
Case #32: 1 0
Case #33: 0 0
Case #34: 0 0
Case #35: 0 0
Case #36: 0 0
Case #37: 4 4
Case #38: 2 1
Case #39: 2 1
Case #40: 1 0
Case #41: 1 0
Case #42: 0 0
Case #43: 0 0
Case #44: 0 0
Case #45: 0 0
Case #46: 5 4
Case #47: 2 2
Case #48: 2 1
Case #49: 1 0
Case #50: 1 0
Case #51: 1 0
Case #52: 0 0
Case #53: 0 0
Case #54: 0 0
Case #55: 0 0
Case #56: 5 5
Case #57: 2 2
Case #58: 2 2
Case #59: 1 0
Case #60: 1 0
Case #61: 1 0
Case #62: 1 0
Case #63: 0 0
Case #64: 0 0
Case #65: 0 0
Case #66: 0 0
